0 info it worked if it ends with ok
1 verbose cli [ '/usr/bin/node', '/usr/bin/npm', 'install' ]
2 info using npm@6.14.4
3 info using node@v10.19.0
4 verbose npm-session 18b49d2cd951b9cb
5 silly install runPreinstallTopLevelLifecycles
6 silly preinstall scratch-blocks@0.1.0
7 info lifecycle scratch-blocks@0.1.0~preinstall: scratch-blocks@0.1.0
8 silly install loadCurrentTree
9 silly install readLocalPackageData
10 timing stage:loadCurrentTree Completed in 1728ms
11 silly install loadIdealTree
12 silly install cloneCurrentTreeToIdealTree
13 timing stage:loadIdealTree:cloneCurrentTree Completed in 12ms
14 silly install loadShrinkwrap
15 timing stage:loadIdealTree:loadShrinkwrap Completed in 917ms
16 silly install loadAllDepsIntoIdealTree
17 timing stage:loadIdealTree:loadAllDepsIntoIdealTree Completed in 837ms
18 timing stage:loadIdealTree Completed in 2116ms
19 silly currentTree scratch-blocks@0.1.0
19 silly currentTree ├─┬ @babel/cli@7.13.14
19 silly currentTree │ ├── commander@4.1.1
19 silly currentTree │ ├── make-dir@2.1.0
19 silly currentTree │ ├── pify@4.0.1
19 silly currentTree │ ├── slash@2.0.0
19 silly currentTree │ └── source-map@0.5.7
19 silly currentTree ├── @babel/code-frame@7.12.13
19 silly currentTree ├── @babel/compat-data@7.13.12
19 silly currentTree ├─┬ @babel/core@7.13.14
19 silly currentTree │ ├── debug@4.3.1
19 silly currentTree │ ├── json5@2.2.0
19 silly currentTree │ ├── ms@2.1.2
19 silly currentTree │ ├── semver@6.3.0
19 silly currentTree │ └── source-map@0.5.7
19 silly currentTree ├─┬ @babel/generator@7.13.9
19 silly currentTree │ └── source-map@0.5.7
19 silly currentTree ├─┬ @babel/helper-compilation-targets@7.13.13
19 silly currentTree │ └── semver@6.3.0
19 silly currentTree ├── @babel/helper-function-name@7.12.13
19 silly currentTree ├── @babel/helper-get-function-arity@7.12.13
19 silly currentTree ├── @babel/helper-member-expression-to-functions@7.13.12
19 silly currentTree ├── @babel/helper-module-imports@7.13.12
19 silly currentTree ├── @babel/helper-module-transforms@7.13.14
19 silly currentTree ├── @babel/helper-optimise-call-expression@7.12.13
19 silly currentTree ├── @babel/helper-plugin-utils@7.13.0
19 silly currentTree ├── @babel/helper-replace-supers@7.13.12
19 silly currentTree ├── @babel/helper-simple-access@7.13.12
19 silly currentTree ├── @babel/helper-split-export-declaration@7.12.13
19 silly currentTree ├── @babel/helper-validator-identifier@7.12.11
19 silly currentTree ├── @babel/helper-validator-option@7.12.17
19 silly currentTree ├── @babel/helpers@7.13.10
19 silly currentTree ├─┬ @babel/highlight@7.13.10
19 silly currentTree │ └── js-tokens@4.0.0
19 silly currentTree ├── @babel/parser@7.13.13
19 silly currentTree ├── @babel/template@7.12.13
19 silly currentTree ├─┬ @babel/traverse@7.13.13
19 silly currentTree │ ├── debug@4.3.1
19 silly currentTree │ └── ms@2.1.2
19 silly currentTree ├── @babel/types@7.13.14
19 silly currentTree ├─┬ @nicolo-ribaudo/chokidar-2@2.1.8-no-fsevents
19 silly currentTree │ ├── braces@2.3.2
19 silly currentTree │ ├── extend-shallow@2.0.1
19 silly currentTree │ ├── fill-range@4.0.0
19 silly currentTree │ ├─┬ glob-parent@3.1.0
19 silly currentTree │ │ └── is-glob@3.1.0
19 silly currentTree │ ├── is-number@3.0.0
19 silly currentTree │ ├── kind-of@3.2.2
19 silly currentTree │ └── to-regex-range@2.1.1
19 silly currentTree ├── @nodelib/fs.scandir@2.1.3
19 silly currentTree ├── @nodelib/fs.stat@2.0.3
19 silly currentTree ├── @nodelib/fs.walk@1.2.4
19 silly currentTree ├── @testim/chrome-version@1.0.7
19 silly currentTree ├── @types/babel__core@7.1.14
19 silly currentTree ├── @types/babel__generator@7.6.2
19 silly currentTree ├── @types/babel__template@7.4.0
19 silly currentTree ├── @types/babel__traverse@7.11.1
19 silly currentTree ├── @types/events@3.0.0
19 silly currentTree ├── @types/glob@7.1.1
19 silly currentTree ├── @types/minimatch@3.0.3
19 silly currentTree ├── @types/node@14.0.4
19 silly currentTree ├── @types/yauzl@2.9.1
19 silly currentTree ├── @webassemblyjs/ast@1.9.0
19 silly currentTree ├── @webassemblyjs/floating-point-hex-parser@1.9.0
19 silly currentTree ├── @webassemblyjs/helper-api-error@1.9.0
19 silly currentTree ├── @webassemblyjs/helper-buffer@1.9.0
19 silly currentTree ├── @webassemblyjs/helper-code-frame@1.9.0
19 silly currentTree ├── @webassemblyjs/helper-fsm@1.9.0
19 silly currentTree ├── @webassemblyjs/helper-module-context@1.9.0
19 silly currentTree ├── @webassemblyjs/helper-wasm-bytecode@1.9.0
19 silly currentTree ├── @webassemblyjs/helper-wasm-section@1.9.0
19 silly currentTree ├── @webassemblyjs/ieee754@1.9.0
19 silly currentTree ├── @webassemblyjs/leb128@1.9.0
19 silly currentTree ├── @webassemblyjs/utf8@1.9.0
19 silly currentTree ├── @webassemblyjs/wasm-edit@1.9.0
19 silly currentTree ├── @webassemblyjs/wasm-gen@1.9.0
19 silly currentTree ├── @webassemblyjs/wasm-opt@1.9.0
19 silly currentTree ├── @webassemblyjs/wasm-parser@1.9.0
19 silly currentTree ├── @webassemblyjs/wast-parser@1.9.0
19 silly currentTree ├── @webassemblyjs/wast-printer@1.9.0
19 silly currentTree ├── @xtuc/ieee754@1.2.0
19 silly currentTree ├── @xtuc/long@4.2.2
19 silly currentTree ├─┬ acorn-jsx@3.0.1
19 silly currentTree │ └── acorn@3.3.0
19 silly currentTree ├── acorn@5.7.4
19 silly currentTree ├── aggregate-error@3.0.1
19 silly currentTree ├── ajv-errors@1.0.1
19 silly currentTree ├── ajv-keywords@2.1.1
19 silly currentTree ├── ajv@5.5.2
19 silly currentTree ├── amdefine@1.0.1
19 silly currentTree ├── ansi-escapes@3.2.0
19 silly currentTree ├── ansi-regex@2.1.1
19 silly currentTree ├── ansi-styles@2.2.1
19 silly currentTree ├─┬ anymatch@2.0.0
19 silly currentTree │ ├─┬ braces@2.3.2
19 silly currentTree │ │ └── extend-shallow@2.0.1
19 silly currentTree │ ├─┬ fill-range@4.0.0
19 silly currentTree │ │ └── extend-shallow@2.0.1
19 silly currentTree │ ├─┬ is-number@3.0.0
19 silly currentTree │ │ └── kind-of@3.2.2
19 silly currentTree │ ├── micromatch@3.1.10
19 silly currentTree │ ├── normalize-path@2.1.1
19 silly currentTree │ └── to-regex-range@2.1.1
19 silly currentTree ├── aproba@1.2.0
19 silly currentTree ├── argparse@1.0.10
19 silly currentTree ├── arr-diff@4.0.0
19 silly currentTree ├── arr-flatten@1.1.0
19 silly currentTree ├── arr-union@3.1.0
19 silly currentTree ├── array-union@2.1.0
19 silly currentTree ├── array-uniq@1.0.3
19 silly currentTree ├── array-unique@0.3.2
19 silly currentTree ├─┬ asn1.js@5.4.1
19 silly currentTree │ └── bn.js@4.11.9
19 silly currentTree ├── asn1@0.2.4
19 silly currentTree ├── assert-plus@1.0.0
19 silly currentTree ├─┬ assert@1.5.0
19 silly currentTree │ ├── inherits@2.0.1
19 silly currentTree │ └── util@0.10.3
19 silly currentTree ├── assign-symbols@1.0.0
19 silly currentTree ├── async-each@1.0.3
19 silly currentTree ├── async@2.6.0
19 silly currentTree ├── asynckit@0.4.0
19 silly currentTree ├── atob@2.1.2
19 silly currentTree ├── aws-sign2@0.7.0
19 silly currentTree ├── aws4@1.9.1
19 silly currentTree ├── axios@0.19.2
19 silly currentTree ├─┬ babel-code-frame@6.26.0
19 silly currentTree │ ├── chalk@1.1.3
19 silly currentTree │ └── strip-ansi@3.0.1
19 silly currentTree ├── babel-plugin-react-intl@3.5.1
19 silly currentTree ├── balanced-match@1.0.0
19 silly currentTree ├─┬ base@0.11.2
19 silly currentTree │ ├── define-property@1.0.0
19 silly currentTree │ ├── is-accessor-descriptor@1.0.0
19 silly currentTree │ ├── is-data-descriptor@1.0.0
19 silly currentTree │ └── is-descriptor@1.0.2
19 silly currentTree ├── base64-js@1.5.1
19 silly currentTree ├── bcrypt-pbkdf@1.0.2
19 silly currentTree ├── big.js@3.2.0
19 silly currentTree ├── binary-extensions@1.13.1
19 silly currentTree ├── bluebird@3.7.2
19 silly currentTree ├── bn.js@5.1.3
19 silly currentTree ├── brace-expansion@1.1.11
19 silly currentTree ├── braces@3.0.2
19 silly currentTree ├── brorand@1.1.0
19 silly currentTree ├── browser-stdout@1.3.0
19 silly currentTree ├── browserify-aes@1.2.0
19 silly currentTree ├── browserify-cipher@1.0.1
19 silly currentTree ├── browserify-des@1.0.2
19 silly currentTree ├── browserify-rsa@4.1.0
19 silly currentTree ├─┬ browserify-sign@4.2.1
19 silly currentTree │ ├── readable-stream@3.6.0
19 silly currentTree │ └── safe-buffer@5.2.1
19 silly currentTree ├── browserify-zlib@0.2.0
19 silly currentTree ├── browserslist@4.16.3
19 silly currentTree ├── buffer-crc32@0.2.13
19 silly currentTree ├── buffer-from@1.1.1
19 silly currentTree ├── buffer-xor@1.0.3
19 silly currentTree ├── buffer@4.9.2
19 silly currentTree ├── builtin-status-codes@3.0.0
19 silly currentTree ├─┬ cacache@10.0.4
19 silly currentTree │ └── mkdirp@0.5.5
19 silly currentTree ├── cache-base@1.0.1
19 silly currentTree ├── caller-path@0.1.0
19 silly currentTree ├── callsites@0.2.0
19 silly currentTree ├── camelcase@5.3.1
19 silly currentTree ├── caniuse-lite@1.0.30001204
19 silly currentTree ├── caseless@0.12.0
19 silly currentTree ├─┬ chalk@2.4.2
19 silly currentTree │ ├── ansi-styles@3.2.1
19 silly currentTree │ └── supports-color@5.5.0
19 silly currentTree ├── chardet@0.4.2
19 silly currentTree ├─┬ chokidar@3.5.0
19 silly currentTree │ ├── anymatch@3.1.1
19 silly currentTree │ ├── binary-extensions@2.1.0
19 silly currentTree │ ├── is-binary-path@2.1.0
19 silly currentTree │ └── readdirp@3.5.0
19 silly currentTree ├── chownr@1.1.4
19 silly currentTree ├── chrome-trace-event@1.0.2
19 silly currentTree ├── chromedriver@81.0.0
19 silly currentTree ├── cipher-base@1.0.4
19 silly currentTree ├── circular-json@0.3.3
19 silly currentTree ├─┬ class-utils@0.3.6
19 silly currentTree │ └── define-property@0.2.5
19 silly currentTree ├── clean-stack@2.2.0
19 silly currentTree ├── cli-cursor@2.1.0
19 silly currentTree ├── cli-width@2.2.1
19 silly currentTree ├─┬ cliui@5.0.0
19 silly currentTree │ ├── ansi-regex@4.1.0
19 silly currentTree │ ├── string-width@3.1.0
19 silly currentTree │ └── strip-ansi@5.2.0
19 silly currentTree ├── clone-buffer@1.0.0
19 silly currentTree ├── clone-stats@1.0.0
19 silly currentTree ├── clone@2.1.2
19 silly currentTree ├── cloneable-readable@1.1.3
19 silly currentTree ├── co@4.6.0
19 silly currentTree ├── collection-visit@1.0.0
19 silly currentTree ├── collections@0.2.2
19 silly currentTree ├── color-convert@1.9.3
19 silly currentTree ├── color-name@1.1.3
19 silly currentTree ├── colorette@1.2.2
19 silly currentTree ├── combined-stream@1.0.8
19 silly currentTree ├── commander@2.9.0
19 silly currentTree ├── commondir@1.0.1
19 silly currentTree ├── component-emitter@1.3.0
19 silly currentTree ├── concat-map@0.0.1
19 silly currentTree ├── concat-stream@1.6.2
19 silly currentTree ├── console-browserify@1.2.0
19 silly currentTree ├── constants-browserify@1.0.0
19 silly currentTree ├── convert-source-map@1.7.0
19 silly currentTree ├─┬ copy-concurrently@1.0.5
19 silly currentTree │ └── mkdirp@0.5.5
19 silly currentTree ├── copy-descriptor@0.1.1
19 silly currentTree ├─┬ copy-webpack-plugin@4.5.1
19 silly currentTree │ ├── array-union@1.0.2
19 silly currentTree │ ├── big.js@5.2.2
19 silly currentTree │ ├── dir-glob@2.2.2
19 silly currentTree │ ├── emojis-list@3.0.0
19 silly currentTree │ ├── globby@7.1.1
19 silly currentTree │ ├── ignore@3.3.10
19 silly currentTree │ ├── json5@1.0.1
19 silly currentTree │ ├── loader-utils@1.4.0
19 silly currentTree │ ├── path-type@3.0.0
19 silly currentTree │ └── slash@1.0.0
19 silly currentTree ├── core-util-is@1.0.2
19 silly currentTree ├─┬ create-ecdh@4.0.4
19 silly currentTree │ └── bn.js@4.11.9
19 silly currentTree ├── create-hash@1.2.0
19 silly currentTree ├── create-hmac@1.1.7
19 silly currentTree ├── cross-spawn@5.1.0
19 silly currentTree ├── crypto-browserify@3.12.0
19 silly currentTree ├── cyclist@1.0.1
19 silly currentTree ├── dashdash@1.14.1
19 silly currentTree ├── debug@3.1.0
19 silly currentTree ├── decamelize@1.2.0
19 silly currentTree ├── decode-uri-component@0.2.0
19 silly currentTree ├── deep-is@0.1.3
19 silly currentTree ├─┬ define-property@2.0.2
19 silly currentTree │ ├── is-accessor-descriptor@1.0.0
19 silly currentTree │ ├── is-data-descriptor@1.0.0
19 silly currentTree │ └── is-descriptor@1.0.2
19 silly currentTree ├─┬ del@5.1.0
19 silly currentTree │ ├── glob@7.1.6
19 silly currentTree │ ├── graceful-fs@4.2.4
19 silly currentTree │ └── rimraf@3.0.2
19 silly currentTree ├── delayed-stream@1.0.0
19 silly currentTree ├── des.js@1.0.1
19 silly currentTree ├── detect-file@1.0.0
19 silly currentTree ├── diff@3.3.1
19 silly currentTree ├─┬ diffie-hellman@5.0.3
19 silly currentTree │ └── bn.js@4.11.9
19 silly currentTree ├── dir-glob@3.0.1
19 silly currentTree ├── doctrine@2.1.0
19 silly currentTree ├── domain-browser@1.2.0
19 silly currentTree ├── duplexer@0.1.1
19 silly currentTree ├── duplexify@3.7.1
19 silly currentTree ├── ecc-jsbn@0.1.2
19 silly currentTree ├── electron-to-chromium@1.3.703
19 silly currentTree ├─┬ elliptic@6.5.4
19 silly currentTree │ └── bn.js@4.12.0
19 silly currentTree ├── emoji-regex@7.0.3
19 silly currentTree ├── emojis-list@2.1.0
19 silly currentTree ├── end-of-stream@1.4.4
19 silly currentTree ├─┬ enhanced-resolve@4.3.0
19 silly currentTree │ └── memory-fs@0.5.0
19 silly currentTree ├── errno@0.1.7
19 silly currentTree ├── escalade@3.1.1
19 silly currentTree ├── escape-string-regexp@1.0.5
19 silly currentTree ├── eslint-scope@3.7.3
19 silly currentTree ├── eslint-visitor-keys@1.1.0
19 silly currentTree ├─┬ eslint@4.19.1
19 silly currentTree │ ├── ignore@3.3.10
19 silly currentTree │ └── mkdirp@0.5.5
19 silly currentTree ├── espree@3.5.4
19 silly currentTree ├── esprima@4.0.1
19 silly currentTree ├─┬ esquery@1.3.1
19 silly currentTree │ └── estraverse@5.1.0
19 silly currentTree ├── esrecurse@4.2.1
19 silly currentTree ├── estraverse@4.3.0
19 silly currentTree ├── esutils@2.0.3
19 silly currentTree ├── event-stream@3.3.4
19 silly currentTree ├── events@3.2.0
19 silly currentTree ├── evp_bytestokey@1.0.3
19 silly currentTree ├─┬ expand-brackets@2.1.4
19 silly currentTree │ ├── debug@2.6.9
19 silly currentTree │ ├── define-property@0.2.5
19 silly currentTree │ └── extend-shallow@2.0.1
19 silly currentTree ├── expand-tilde@2.0.2
19 silly currentTree ├─┬ exports-loader@0.6.3
19 silly currentTree │ └── loader-utils
19 silly currentTree ├─┬ extend-shallow@3.0.2
19 silly currentTree │ └── is-extendable@1.0.1
19 silly currentTree ├── extend@3.0.2
19 silly currentTree ├── external-editor@2.2.0
19 silly currentTree ├─┬ extglob@2.0.4
19 silly currentTree │ ├── define-property@1.0.0
19 silly currentTree │ ├── extend-shallow@2.0.1
19 silly currentTree │ ├── is-accessor-descriptor@1.0.0
19 silly currentTree │ ├── is-data-descriptor@1.0.0
19 silly currentTree │ └── is-descriptor@1.0.2
19 silly currentTree ├─┬ extract-zip@2.0.0
19 silly currentTree │ ├── debug@4.1.1
19 silly currentTree │ └── ms@2.1.2
19 silly currentTree ├── extsprintf@1.3.0
19 silly currentTree ├── fast-deep-equal@1.1.0
19 silly currentTree ├── fast-glob@3.2.2
19 silly currentTree ├── fast-json-stable-stringify@2.1.0
19 silly currentTree ├── fast-levenshtein@2.0.6
19 silly currentTree ├── fastq@1.8.0
19 silly currentTree ├── fd-slicer@1.1.0
19 silly currentTree ├── figgy-pudding@3.5.2
19 silly currentTree ├── figures@2.0.0
19 silly currentTree ├── file-entry-cache@2.0.0
19 silly currentTree ├── fill-range@7.0.1
19 silly currentTree ├── find-cache-dir@1.0.0
19 silly currentTree ├── find-up@2.1.0
19 silly currentTree ├─┬ findup-sync@3.0.0
19 silly currentTree │ ├─┬ braces@2.3.2
19 silly currentTree │ │ └── extend-shallow@2.0.1
19 silly currentTree │ ├─┬ fill-range@4.0.0
19 silly currentTree │ │ └── extend-shallow@2.0.1
19 silly currentTree │ ├─┬ is-number@3.0.0
19 silly currentTree │ │ └── kind-of@3.2.2
19 silly currentTree │ ├── micromatch@3.1.10
19 silly currentTree │ └── to-regex-range@2.1.1
19 silly currentTree ├── flat-cache@1.3.4
19 silly currentTree ├── flush-write-stream@1.1.1
19 silly currentTree ├── follow-redirects@1.5.10
19 silly currentTree ├── for-in@1.0.2
19 silly currentTree ├── forever-agent@0.6.1
19 silly currentTree ├── form-data@2.3.3
19 silly currentTree ├── fragment-cache@0.2.1
19 silly currentTree ├── from@0.1.7
19 silly currentTree ├── from2@2.3.0
19 silly currentTree ├─┬ fs-extra@8.1.0
19 silly currentTree │ └── graceful-fs@4.2.6
19 silly currentTree ├── fs-readdir-recursive@1.1.0
19 silly currentTree ├── fs-write-stream-atomic@1.0.10
19 silly currentTree ├── fs.realpath@1.0.0
19 silly currentTree ├── functional-red-black-tree@1.0.1
19 silly currentTree ├── gensync@1.0.0-beta.2
19 silly currentTree ├── get-caller-file@2.0.5
19 silly currentTree ├── get-stream@5.1.0
19 silly currentTree ├── get-value@2.0.6
19 silly currentTree ├── getpass@0.1.7
19 silly currentTree ├─┬ gh-pages@0.12.0
19 silly currentTree │ ├── array-union@1.0.2
19 silly currentTree │ ├── async@2.1.2
19 silly currentTree │ ├── globby@6.1.0
19 silly currentTree │ ├── graceful-fs@4.1.10
19 silly currentTree │ └── pify@2.3.0
19 silly currentTree ├── glob-parent@5.1.1
19 silly currentTree ├── glob@7.1.2
19 silly currentTree ├─┬ global-modules@2.0.0
19 silly currentTree │ └── global-prefix@3.0.0
19 silly currentTree ├── global-prefix@1.0.2
19 silly currentTree ├── globals@11.12.0
19 silly currentTree ├─┬ globby@10.0.2
19 silly currentTree │ └── glob@7.1.6
19 silly currentTree ├─┬ google-closure-compiler@20180402.0.0
19 silly currentTree │ ├── chalk@1.1.3
19 silly currentTree │ └── strip-ansi@3.0.1
19 silly currentTree ├── google-closure-library@20190301.0.0
19 silly currentTree ├── graceful-fs@4.1.11
19 silly currentTree ├── graceful-readlink@1.0.1
19 silly currentTree ├── growl@1.10.3
19 silly currentTree ├── har-schema@2.0.0
19 silly currentTree ├─┬ har-validator@5.1.3
19 silly currentTree │ ├── ajv@6.12.2
19 silly currentTree │ ├── fast-deep-equal@3.1.1
19 silly currentTree │ └── json-schema-traverse@0.4.1
19 silly currentTree ├── has-ansi@2.0.0
19 silly currentTree ├── has-flag@3.0.0
19 silly currentTree ├── has-value@1.0.0
19 silly currentTree ├─┬ has-values@1.0.0
19 silly currentTree │ ├─┬ is-number@3.0.0
19 silly currentTree │ │ └── kind-of@3.2.2
19 silly currentTree │ └── kind-of@4.0.0
19 silly currentTree ├─┬ hash-base@3.1.0
19 silly currentTree │ ├── readable-stream@3.6.0
19 silly currentTree │ └── safe-buffer@5.2.1
19 silly currentTree ├── hash.js@1.1.7
19 silly currentTree ├── he@1.1.1
19 silly currentTree ├── hmac-drbg@1.0.1
19 silly currentTree ├── hoist-non-react-statics@3.3.2
19 silly currentTree ├── homedir-polyfill@1.0.3
19 silly currentTree ├── http-signature@1.2.0
19 silly currentTree ├── https-browserify@1.0.0
19 silly currentTree ├── iconv-lite@0.4.24
19 silly currentTree ├── ieee754@1.2.1
19 silly currentTree ├── iferr@0.1.5
19 silly currentTree ├── ignore@5.1.4
19 silly currentTree ├── immediate@3.0.6
19 silly currentTree ├─┬ import-local@2.0.0
19 silly currentTree │ ├── find-up@3.0.0
19 silly currentTree │ ├── locate-path@3.0.0
19 silly currentTree │ ├── p-limit@2.3.0
19 silly currentTree │ ├── p-locate@3.0.0
19 silly currentTree │ ├── p-try@2.2.0
19 silly currentTree │ └── pkg-dir@3.0.0
19 silly currentTree ├─┬ imports-loader@0.6.5
19 silly currentTree │ └── loader-utils
19 silly currentTree ├── imurmurhash@0.1.4
19 silly currentTree ├── indent-string@4.0.0
19 silly currentTree ├── infer-owner@1.0.4
19 silly currentTree ├── inflight@1.0.6
19 silly currentTree ├── inherits@2.0.4
19 silly currentTree ├── ini@1.3.7
19 silly currentTree ├── inquirer@3.3.0
19 silly currentTree ├── interpret@1.4.0
19 silly currentTree ├── intl-format-cache@2.2.9
19 silly currentTree ├── intl-messageformat-parser@1.8.1
19 silly currentTree ├─┬ intl-messageformat@2.2.0
19 silly currentTree │ └── intl-messageformat-parser@1.4.0
19 silly currentTree ├── intl-relativeformat@2.2.0
19 silly currentTree ├── invariant@2.2.4
19 silly currentTree ├── ip-regex@2.1.0
19 silly currentTree ├─┬ is-accessor-descriptor@0.1.6
19 silly currentTree │ └── kind-of@3.2.2
19 silly currentTree ├── is-binary-path@1.0.1
19 silly currentTree ├── is-buffer@1.1.6
19 silly currentTree ├─┬ is-data-descriptor@0.1.4
19 silly currentTree │ └── kind-of@3.2.2
19 silly currentTree ├─┬ is-descriptor@0.1.6
19 silly currentTree │ └── kind-of@5.1.0
19 silly currentTree ├── is-extendable@0.1.1
19 silly currentTree ├── is-extglob@2.1.1
19 silly currentTree ├── is-fullwidth-code-point@2.0.0
19 silly currentTree ├── is-glob@4.0.1
19 silly currentTree ├── is-number@7.0.0
19 silly currentTree ├── is-path-cwd@2.2.0
19 silly currentTree ├── is-path-inside@3.0.2
19 silly currentTree ├── is-plain-object@2.0.4
19 silly currentTree ├── is-resolvable@1.1.0
19 silly currentTree ├── is-typedarray@1.0.0
19 silly currentTree ├── is-url@1.2.4
19 silly currentTree ├── is-windows@1.0.2
19 silly currentTree ├── is-wsl@1.1.0
19 silly currentTree ├── is2@2.0.1
19 silly currentTree ├── isarray@1.0.0
19 silly currentTree ├── isexe@2.0.0
19 silly currentTree ├── isobject@3.0.1
19 silly currentTree ├── isstream@0.1.2
19 silly currentTree ├── js-tokens@3.0.2
19 silly currentTree ├── js-yaml@3.13.1
19 silly currentTree ├── jsbn@0.1.1
19 silly currentTree ├── jsesc@2.5.2
19 silly currentTree ├── json-parse-better-errors@1.0.2
19 silly currentTree ├── json-schema-traverse@0.3.1
19 silly currentTree ├── json-schema@0.2.3
19 silly currentTree ├── json-stable-stringify-without-jsonify@1.0.1
19 silly currentTree ├── json-stringify-safe@5.0.1
19 silly currentTree ├── json@9.0.4
19 silly currentTree ├── json5@0.5.1
19 silly currentTree ├── jsonfile@4.0.0
19 silly currentTree ├── jsprim@1.4.1
19 silly currentTree ├── jszip@3.6.0
19 silly currentTree ├── kind-of@6.0.3
19 silly currentTree ├── levn@0.3.0
19 silly currentTree ├── lie@3.3.0
19 silly currentTree ├── loader-runner@2.4.0
19 silly currentTree ├── loader-utils@0.2.17
19 silly currentTree ├── locate-path@2.0.0
19 silly currentTree ├── lodash@4.17.20
19 silly currentTree ├── loose-envify@1.4.0
19 silly currentTree ├── lru-cache@4.1.5
19 silly currentTree ├── make-dir@1.3.0
19 silly currentTree ├── map-cache@0.2.2
19 silly currentTree ├── map-stream@0.1.0
19 silly currentTree ├── map-visit@1.0.0
19 silly currentTree ├── md5.js@1.3.5
19 silly currentTree ├── memory-fs@0.4.1
19 silly currentTree ├── merge2@1.3.0
19 silly currentTree ├── micromatch@4.0.2
19 silly currentTree ├─┬ miller-rabin@4.0.1
19 silly currentTree │ └── bn.js@4.11.9
19 silly currentTree ├── mime-db@1.44.0
19 silly currentTree ├── mime-types@2.1.27
19 silly currentTree ├── mime@1.6.0
19 silly currentTree ├── mimeparse@0.1.4
19 silly currentTree ├── mimic-fn@1.2.0
19 silly currentTree ├── minimalistic-assert@1.0.1
19 silly currentTree ├── minimalistic-crypto-utils@1.0.1
19 silly currentTree ├── minimatch@3.0.4
19 silly currentTree ├── minimist@1.2.5
19 silly currentTree ├─┬ mississippi@2.0.0
19 silly currentTree │ └── pump@2.0.1
19 silly currentTree ├─┬ mixin-deep@1.3.2
19 silly currentTree │ └── is-extendable@1.0.1
19 silly currentTree ├── mkdirp@1.0.4
19 silly currentTree ├── mkpath@1.0.0
19 silly currentTree ├─┬ mocha@4.1.0
19 silly currentTree │ ├── commander@2.11.0
19 silly currentTree │ ├── has-flag@2.0.0
19 silly currentTree │ ├── minimist@0.0.8
19 silly currentTree │ ├── mkdirp@0.5.1
19 silly currentTree │ └── supports-color@4.4.0
19 silly currentTree ├─┬ move-concurrently@1.0.1
19 silly currentTree │ └── mkdirp@0.5.5
19 silly currentTree ├── ms@2.0.0
19 silly currentTree ├── mute-stream@0.0.7
19 silly currentTree ├── nanomatch@1.2.13
19 silly currentTree ├── natural-compare@1.4.0
19 silly currentTree ├── neo-async@2.6.2
19 silly currentTree ├── nice-try@1.0.5
19 silly currentTree ├─┬ node-libs-browser@2.2.1
19 silly currentTree │ └── punycode@1.4.1
19 silly currentTree ├── node-releases@1.1.71
19 silly currentTree ├── normalize-path@3.0.0
19 silly currentTree ├── oauth-sign@0.9.0
19 silly currentTree ├── object-assign@4.1.1
19 silly currentTree ├─┬ object-copy@0.1.0
19 silly currentTree │ ├── define-property@0.2.5
19 silly currentTree │ └── kind-of@3.2.2
19 silly currentTree ├── object-visit@1.0.1
19 silly currentTree ├── object.pick@1.3.0
19 silly currentTree ├── once@1.4.0
19 silly currentTree ├── onetime@2.0.1
19 silly currentTree ├── optionator@0.8.3
19 silly currentTree ├── os-browserify@0.3.0
19 silly currentTree ├── os-tmpdir@1.0.2
19 silly currentTree ├── p-limit@1.3.0
19 silly currentTree ├── p-locate@2.0.0
19 silly currentTree ├── p-map@3.0.0
19 silly currentTree ├── p-try@1.0.0
19 silly currentTree ├── pako@1.0.11
19 silly currentTree ├── parallel-transform@1.2.0
19 silly currentTree ├── parse-asn1@5.1.6
19 silly currentTree ├── parse-passwd@1.0.0
19 silly currentTree ├── pascalcase@0.1.1
19 silly currentTree ├── path-browserify@0.0.1
19 silly currentTree ├── path-dirname@1.0.2
19 silly currentTree ├── path-exists@3.0.0
19 silly currentTree ├── path-is-absolute@1.0.1
19 silly currentTree ├── path-is-inside@1.0.2
19 silly currentTree ├── path-key@2.0.1
19 silly currentTree ├── path-type@4.0.0
19 silly currentTree ├── pause-stream@0.0.11
19 silly currentTree ├── pbkdf2@3.1.1
19 silly currentTree ├── pend@1.2.0
19 silly currentTree ├── performance-now@2.1.0
19 silly currentTree ├── picomatch@2.2.2
19 silly currentTree ├── pify@3.0.0
19 silly currentTree ├── pinkie-promise@2.0.1
19 silly currentTree ├── pinkie@2.0.4
19 silly currentTree ├── pkg-dir@2.0.0
19 silly currentTree ├── pluralize@7.0.0
19 silly currentTree ├── posix-character-classes@0.1.1
19 silly currentTree ├── prelude-ls@1.1.2
19 silly currentTree ├── process-nextick-args@2.0.1
19 silly currentTree ├── process@0.11.10
19 silly currentTree ├── progress@2.0.3
19 silly currentTree ├── promise-inflight@1.0.1
19 silly currentTree ├── prr@1.0.1
19 silly currentTree ├── pseudomap@1.0.2
19 silly currentTree ├── psl@1.8.0
19 silly currentTree ├─┬ public-encrypt@4.0.3
19 silly currentTree │ └── bn.js@4.11.9
19 silly currentTree ├── pump@3.0.0
19 silly currentTree ├─┬ pumpify@1.5.1
19 silly currentTree │ └── pump@2.0.1
19 silly currentTree ├── punycode@2.1.1
19 silly currentTree ├── q-io@1.13.2
19 silly currentTree ├── q@1.4.1
19 silly currentTree ├── qs@1.2.2
19 silly currentTree ├── querystring-es3@0.2.1
19 silly currentTree ├── querystring@0.2.0
19 silly currentTree ├── randombytes@2.1.0
19 silly currentTree ├── randomfill@1.0.4
19 silly currentTree ├── react-intl@2.9.0
19 silly currentTree ├── react-is@16.13.1
19 silly currentTree ├── readable-stream@2.3.7
19 silly currentTree ├─┬ readdirp@2.2.1
19 silly currentTree │ ├─┬ braces@2.3.2
19 silly currentTree │ │ └── extend-shallow@2.0.1
19 silly currentTree │ ├─┬ fill-range@4.0.0
19 silly currentTree │ │ └── extend-shallow@2.0.1
19 silly currentTree │ ├─┬ is-number@3.0.0
19 silly currentTree │ │ └── kind-of@3.2.2
19 silly currentTree │ ├── micromatch@3.1.10
19 silly currentTree │ └── to-regex-range@2.1.1
19 silly currentTree ├── regex-not@1.0.2
19 silly currentTree ├── regexpp@1.1.0
19 silly currentTree ├── remove-trailing-separator@1.1.0
19 silly currentTree ├── repeat-element@1.1.3
19 silly currentTree ├── repeat-string@1.6.1
19 silly currentTree ├── replace-ext@1.0.1
19 silly currentTree ├─┬ request@2.88.2
19 silly currentTree │ └── qs@6.5.2
19 silly currentTree ├── require-directory@2.1.1
19 silly currentTree ├── require-main-filename@2.0.0
19 silly currentTree ├── require-uncached@1.0.3
19 silly currentTree ├─┬ resolve-cwd@2.0.0
19 silly currentTree │ └── resolve-from@3.0.0
19 silly currentTree ├─┬ resolve-dir@1.0.1
19 silly currentTree │ ├── global-modules@1.0.0
19 silly currentTree │ └── global-prefix
19 silly currentTree ├── resolve-from@1.0.1
19 silly currentTree ├── resolve-url@0.2.1
19 silly currentTree ├── restore-cursor@2.0.0
19 silly currentTree ├── ret@0.1.15
19 silly currentTree ├── reusify@1.0.4
19 silly currentTree ├── rimraf@2.6.2
19 silly currentTree ├── ripemd160@2.0.2
19 silly currentTree ├── run-async@2.4.1
19 silly currentTree ├── run-parallel@1.1.9
19 silly currentTree ├── run-queue@1.0.3
19 silly currentTree ├── rx-lite-aggregates@4.0.8
19 silly currentTree ├── rx-lite@4.0.8
19 silly currentTree ├── safe-buffer@5.1.2
19 silly currentTree ├── safe-regex@1.1.0
19 silly currentTree ├── safer-buffer@2.1.2
19 silly currentTree ├─┬ schema-utils@0.4.7
19 silly currentTree │ ├── ajv-keywords@3.4.1
19 silly currentTree │ ├── ajv@6.12.2
19 silly currentTree │ ├── fast-deep-equal@3.1.1
19 silly currentTree │ └── json-schema-traverse@0.4.1
19 silly currentTree ├── scratch-l10n@3.11.20210331031557
19 silly currentTree ├─┬ selenium-webdriver@4.0.0-beta.2
19 silly currentTree │ ├── glob@7.1.6
19 silly currentTree │ ├── rimraf@2.7.1
19 silly currentTree │ └─┬ tmp@0.2.1
19 silly currentTree │   └── rimraf@3.0.2
19 silly currentTree ├── semver@5.7.1
19 silly currentTree ├── serialize-javascript@1.9.1
19 silly currentTree ├── set-blocking@2.0.0
19 silly currentTree ├── set-immediate-shim@1.0.1
19 silly currentTree ├─┬ set-value@2.0.1
19 silly currentTree │ └── extend-shallow@2.0.1
19 silly currentTree ├── setimmediate@1.0.5
19 silly currentTree ├── sha.js@2.4.11
19 silly currentTree ├── shebang-command@1.2.0
19 silly currentTree ├── shebang-regex@1.0.0
19 silly currentTree ├── should-equal@2.0.0
19 silly currentTree ├── should-format@3.0.3
19 silly currentTree ├── should-type-adaptors@1.1.0
19 silly currentTree ├── should-type@1.4.0
19 silly currentTree ├── should-util@1.0.1
19 silly currentTree ├── should@13.2.3
19 silly currentTree ├── signal-exit@3.0.3
19 silly currentTree ├── slash@3.0.0
19 silly currentTree ├── slice-ansi@1.0.0
19 silly currentTree ├─┬ snapdragon-node@2.1.1
19 silly currentTree │ ├── define-property@1.0.0
19 silly currentTree │ ├── is-accessor-descriptor@1.0.0
19 silly currentTree │ ├── is-data-descriptor@1.0.0
19 silly currentTree │ └── is-descriptor@1.0.2
19 silly currentTree ├─┬ snapdragon-util@3.0.1
19 silly currentTree │ └── kind-of@3.2.2
19 silly currentTree ├─┬ snapdragon@0.8.2
19 silly currentTree │ ├── debug@2.6.9
19 silly currentTree │ ├── define-property@0.2.5
19 silly currentTree │ ├── extend-shallow@2.0.1
19 silly currentTree │ └── source-map@0.5.7
19 silly currentTree ├── source-list-map@2.0.1
19 silly currentTree ├── source-map-resolve@0.5.3
19 silly currentTree ├─┬ source-map-support@0.5.19
19 silly currentTree │ └── source-map@0.6.1
19 silly currentTree ├── source-map-url@0.4.0
19 silly currentTree ├── source-map@0.1.43
19 silly currentTree ├── split-string@3.1.0
19 silly currentTree ├── split@0.3.3
19 silly currentTree ├── sprintf-js@1.0.3
19 silly currentTree ├── sshpk@1.16.1
19 silly currentTree ├── ssri@5.3.0
19 silly currentTree ├─┬ static-extend@0.1.2
19 silly currentTree │ └── define-property@0.2.5
19 silly currentTree ├── stream-browserify@2.0.2
19 silly currentTree ├── stream-combiner@0.0.4
19 silly currentTree ├── stream-each@1.2.3
19 silly currentTree ├── stream-http@2.8.3
19 silly currentTree ├── stream-shift@1.0.1
19 silly currentTree ├── string_decoder@1.1.1
19 silly currentTree ├── string-width@2.1.1
19 silly currentTree ├─┬ strip-ansi@4.0.0
19 silly currentTree │ └── ansi-regex@3.0.0
19 silly currentTree ├── strip-json-comments@2.0.1
19 silly currentTree ├── supports-color@2.0.0
19 silly currentTree ├── table@4.0.2
19 silly currentTree ├── tapable@1.1.3
19 silly currentTree ├─┬ tcp-port-used@1.0.1
19 silly currentTree │ ├── debug@4.1.0
19 silly currentTree │ └── ms@2.1.2
19 silly currentTree ├─┬ terser-webpack-plugin@1.4.5
19 silly currentTree │ ├── ajv-keywords@3.5.2
19 silly currentTree │ ├── ajv@6.12.6
19 silly currentTree │ ├── cacache@12.0.4
19 silly currentTree │ ├── fast-deep-equal@3.1.3
19 silly currentTree │ ├── find-cache-dir@2.1.0
19 silly currentTree │ ├── find-up@3.0.0
19 silly currentTree │ ├── glob@7.1.6
19 silly currentTree │ ├── graceful-fs@4.2.4
19 silly currentTree │ ├── json-schema-traverse@0.4.1
19 silly currentTree │ ├── locate-path@3.0.0
19 silly currentTree │ ├── lru-cache@5.1.1
19 silly currentTree │ ├── make-dir@2.1.0
19 silly currentTree │ ├── mississippi@3.0.0
19 silly currentTree │ ├── mkdirp@0.5.5
19 silly currentTree │ ├── p-limit@2.3.0
19 silly currentTree │ ├── p-locate@3.0.0
19 silly currentTree │ ├── p-try@2.2.0
19 silly currentTree │ ├── pify@4.0.1
19 silly currentTree │ ├── pkg-dir@3.0.0
19 silly currentTree │ ├── rimraf@2.7.1
19 silly currentTree │ ├── schema-utils@1.0.0
19 silly currentTree │ ├── serialize-javascript@4.0.0
19 silly currentTree │ ├── source-map@0.6.1
19 silly currentTree │ ├── ssri@6.0.1
19 silly currentTree │ └── yallist@3.1.1
19 silly currentTree ├─┬ terser@4.8.0
19 silly currentTree │ ├── commander@2.20.3
19 silly currentTree │ └── source-map@0.6.1
19 silly currentTree ├── text-table@0.2.0
19 silly currentTree ├── through@2.3.8
19 silly currentTree ├── through2@2.0.5
19 silly currentTree ├── timers-browserify@2.0.12
19 silly currentTree ├── tmp@0.0.33
19 silly currentTree ├── to-arraybuffer@1.0.1
19 silly currentTree ├── to-fast-properties@2.0.0
19 silly currentTree ├─┬ to-object-path@0.3.0
19 silly currentTree │ └── kind-of@3.2.2
19 silly currentTree ├── to-regex-range@5.0.1
19 silly currentTree ├── to-regex@3.0.2
19 silly currentTree ├── tough-cookie@2.5.0
19 silly currentTree ├── transifex@1.6.6
19 silly currentTree ├── travis-after-all@1.4.4
19 silly currentTree ├── tslib@1.14.1
19 silly currentTree ├── tty-browserify@0.0.0
19 silly currentTree ├── tunnel-agent@0.6.0
19 silly currentTree ├── tweetnacl@0.14.5
19 silly currentTree ├── type-check@0.3.2
19 silly currentTree ├── typedarray@0.0.6
19 silly currentTree ├─┬ uglify-es@3.3.9
19 silly currentTree │ ├── commander@2.13.0
19 silly currentTree │ └── source-map@0.6.1
19 silly currentTree ├─┬ uglifyjs-webpack-plugin@1.3.0
19 silly currentTree │ └── source-map@0.6.1
19 silly currentTree ├── union-value@1.0.1
19 silly currentTree ├── unique-filename@1.1.1
19 silly currentTree ├── unique-slug@2.0.2
19 silly currentTree ├── universalify@0.1.2
19 silly currentTree ├─┬ unset-value@1.0.0
19 silly currentTree │ ├─┬ has-value@0.3.1
19 silly currentTree │ │ └── isobject@2.1.0
19 silly currentTree │ └── has-values@0.1.4
19 silly currentTree ├── upath@1.2.0
19 silly currentTree ├── uri-js@4.2.2
19 silly currentTree ├── urix@0.1.0
19 silly currentTree ├─┬ url@0.11.0
19 silly currentTree │ └── punycode@1.3.2
19 silly currentTree ├── url2@0.0.0
19 silly currentTree ├── use@3.1.1
19 silly currentTree ├── util-deprecate@1.0.2
19 silly currentTree ├─┬ util@0.11.1
19 silly currentTree │ └── inherits@2.0.3
19 silly currentTree ├── uuid@3.4.0
19 silly currentTree ├── v8-compile-cache@2.1.1
19 silly currentTree ├── verror@1.10.0
19 silly currentTree ├─┬ vinyl-sourcemaps-apply@0.2.1
19 silly currentTree │ └── source-map@0.5.7
19 silly currentTree ├── vinyl@2.2.0
19 silly currentTree ├── vm-browserify@1.1.2
19 silly currentTree ├─┬ watchpack-chokidar2@2.0.1
19 silly currentTree │ ├── braces@2.3.2
19 silly currentTree │ ├── chokidar@2.1.8
19 silly currentTree │ ├── extend-shallow@2.0.1
19 silly currentTree │ ├── fill-range@4.0.0
19 silly currentTree │ ├─┬ glob-parent@3.1.0
19 silly currentTree │ │ └── is-glob@3.1.0
19 silly currentTree │ ├── is-number@3.0.0
19 silly currentTree │ ├── kind-of@3.2.2
19 silly currentTree │ └── to-regex-range@2.1.1
19 silly currentTree ├── watchpack@1.7.5
19 silly currentTree ├── weak-map@1.0.0
19 silly currentTree ├─┬ webpack-cli@3.3.12
19 silly currentTree │ ├── big.js@5.2.2
19 silly currentTree │ ├── cross-spawn@6.0.5
19 silly currentTree │ ├── emojis-list@3.0.0
19 silly currentTree │ ├── json5@1.0.1
19 silly currentTree │ ├── loader-utils@1.4.0
19 silly currentTree │ └── supports-color@6.1.0
19 silly currentTree ├─┬ webpack-sources@1.4.3
19 silly currentTree │ └── source-map@0.6.1
19 silly currentTree ├─┬ webpack@4.46.0
19 silly currentTree │ ├── acorn@6.4.2
19 silly currentTree │ ├── ajv-keywords@3.5.2
19 silly currentTree │ ├── ajv@6.12.6
19 silly currentTree │ ├── big.js@5.2.2
19 silly currentTree │ ├─┬ braces@2.3.2
19 silly currentTree │ │ └── extend-shallow@2.0.1
19 silly currentTree │ ├── emojis-list@3.0.0
19 silly currentTree │ ├─┬ enhanced-resolve@4.5.0
19 silly currentTree │ │ └── memory-fs@0.5.0
19 silly currentTree │ ├── eslint-scope@4.0.3
19 silly currentTree │ ├── fast-deep-equal@3.1.3
19 silly currentTree │ ├─┬ fill-range@4.0.0
19 silly currentTree │ │ └── extend-shallow@2.0.1
19 silly currentTree │ ├─┬ is-number@3.0.0
19 silly currentTree │ │ └── kind-of@3.2.2
19 silly currentTree │ ├── json-schema-traverse@0.4.1
19 silly currentTree │ ├── json5@1.0.1
19 silly currentTree │ ├── loader-utils@1.4.0
19 silly currentTree │ ├── micromatch@3.1.10
19 silly currentTree │ ├── mkdirp@0.5.5
19 silly currentTree │ ├── schema-utils@1.0.0
19 silly currentTree │ └── to-regex-range@2.1.1
19 silly currentTree ├── which-module@2.0.0
19 silly currentTree ├── which@1.3.1
19 silly currentTree ├── word-wrap@1.2.3
19 silly currentTree ├── worker-farm@1.7.0
19 silly currentTree ├─┬ wrap-ansi@5.1.0
19 silly currentTree │ ├── ansi-regex@4.1.0
19 silly currentTree │ ├── ansi-styles@3.2.1
19 silly currentTree │ ├── string-width@3.1.0
19 silly currentTree │ └── strip-ansi@5.2.0
19 silly currentTree ├── wrappy@1.0.2
19 silly currentTree ├─┬ write@0.2.1
19 silly currentTree │ └── mkdirp@0.5.5
19 silly currentTree ├── ws@7.4.4
19 silly currentTree ├── xtend@4.0.2
19 silly currentTree ├── y18n@4.0.1
19 silly currentTree ├── yallist@2.1.2
19 silly currentTree ├── yargs-parser@13.1.2
19 silly currentTree ├─┬ yargs@13.3.2
19 silly currentTree │ ├── ansi-regex@4.1.0
19 silly currentTree │ ├── find-up@3.0.0
19 silly currentTree │ ├── locate-path@3.0.0
19 silly currentTree │ ├── p-limit@2.3.0
19 silly currentTree │ ├── p-locate@3.0.0
19 silly currentTree │ ├── p-try@2.2.0
19 silly currentTree │ ├── string-width@3.1.0
19 silly currentTree │ └── strip-ansi@5.2.0
19 silly currentTree └── yauzl@2.10.0
20 silly idealTree scratch-blocks@0.1.0
20 silly idealTree ├─┬ @babel/cli@7.13.14
20 silly idealTree │ ├── commander@4.1.1
20 silly idealTree │ ├── make-dir@2.1.0
20 silly idealTree │ ├── pify@4.0.1
20 silly idealTree │ ├── slash@2.0.0
20 silly idealTree │ └── source-map@0.5.7
20 silly idealTree ├── @babel/code-frame@7.12.13
20 silly idealTree ├── @babel/compat-data@7.13.12
20 silly idealTree ├─┬ @babel/core@7.13.14
20 silly idealTree │ ├── debug@4.3.1
20 silly idealTree │ ├── json5@2.2.0
20 silly idealTree │ ├── ms@2.1.2
20 silly idealTree │ ├── semver@6.3.0
20 silly idealTree │ └── source-map@0.5.7
20 silly idealTree ├─┬ @babel/generator@7.13.9
20 silly idealTree │ └── source-map@0.5.7
20 silly idealTree ├─┬ @babel/helper-compilation-targets@7.13.13
20 silly idealTree │ └── semver@6.3.0
20 silly idealTree ├── @babel/helper-function-name@7.12.13
20 silly idealTree ├── @babel/helper-get-function-arity@7.12.13
20 silly idealTree ├── @babel/helper-member-expression-to-functions@7.13.12
20 silly idealTree ├── @babel/helper-module-imports@7.13.12
20 silly idealTree ├── @babel/helper-module-transforms@7.13.14
20 silly idealTree ├── @babel/helper-optimise-call-expression@7.12.13
20 silly idealTree ├── @babel/helper-plugin-utils@7.13.0
20 silly idealTree ├── @babel/helper-replace-supers@7.13.12
20 silly idealTree ├── @babel/helper-simple-access@7.13.12
20 silly idealTree ├── @babel/helper-split-export-declaration@7.12.13
20 silly idealTree ├── @babel/helper-validator-identifier@7.12.11
20 silly idealTree ├── @babel/helper-validator-option@7.12.17
20 silly idealTree ├── @babel/helpers@7.13.10
20 silly idealTree ├─┬ @babel/highlight@7.13.10
20 silly idealTree │ └── js-tokens@4.0.0
20 silly idealTree ├── @babel/parser@7.13.13
20 silly idealTree ├── @babel/template@7.12.13
20 silly idealTree ├─┬ @babel/traverse@7.13.13
20 silly idealTree │ ├── debug@4.3.1
20 silly idealTree │ └── ms@2.1.2
20 silly idealTree ├── @babel/types@7.13.14
20 silly idealTree ├─┬ @nicolo-ribaudo/chokidar-2@2.1.8-no-fsevents
20 silly idealTree │ ├── braces@2.3.2
20 silly idealTree │ ├── extend-shallow@2.0.1
20 silly idealTree │ ├── fill-range@4.0.0
20 silly idealTree │ ├─┬ glob-parent@3.1.0
20 silly idealTree │ │ └── is-glob@3.1.0
20 silly idealTree │ ├── is-number@3.0.0
20 silly idealTree │ ├── kind-of@3.2.2
20 silly idealTree │ └── to-regex-range@2.1.1
20 silly idealTree ├── @nodelib/fs.scandir@2.1.3
20 silly idealTree ├── @nodelib/fs.stat@2.0.3
20 silly idealTree ├── @nodelib/fs.walk@1.2.4
20 silly idealTree ├── @testim/chrome-version@1.0.7
20 silly idealTree ├── @types/babel__core@7.1.14
20 silly idealTree ├── @types/babel__generator@7.6.2
20 silly idealTree ├── @types/babel__template@7.4.0
20 silly idealTree ├── @types/babel__traverse@7.11.1
20 silly idealTree ├── @types/events@3.0.0
20 silly idealTree ├── @types/glob@7.1.1
20 silly idealTree ├── @types/minimatch@3.0.3
20 silly idealTree ├── @types/node@14.0.4
20 silly idealTree ├── @types/yauzl@2.9.1
20 silly idealTree ├── @webassemblyjs/ast@1.9.0
20 silly idealTree ├── @webassemblyjs/floating-point-hex-parser@1.9.0
20 silly idealTree ├── @webassemblyjs/helper-api-error@1.9.0
20 silly idealTree ├── @webassemblyjs/helper-buffer@1.9.0
20 silly idealTree ├── @webassemblyjs/helper-code-frame@1.9.0
20 silly idealTree ├── @webassemblyjs/helper-fsm@1.9.0
20 silly idealTree ├── @webassemblyjs/helper-module-context@1.9.0
20 silly idealTree ├── @webassemblyjs/helper-wasm-bytecode@1.9.0
20 silly idealTree ├── @webassemblyjs/helper-wasm-section@1.9.0
20 silly idealTree ├── @webassemblyjs/ieee754@1.9.0
20 silly idealTree ├── @webassemblyjs/leb128@1.9.0
20 silly idealTree ├── @webassemblyjs/utf8@1.9.0
20 silly idealTree ├── @webassemblyjs/wasm-edit@1.9.0
20 silly idealTree ├── @webassemblyjs/wasm-gen@1.9.0
20 silly idealTree ├── @webassemblyjs/wasm-opt@1.9.0
20 silly idealTree ├── @webassemblyjs/wasm-parser@1.9.0
20 silly idealTree ├── @webassemblyjs/wast-parser@1.9.0
20 silly idealTree ├── @webassemblyjs/wast-printer@1.9.0
20 silly idealTree ├── @xtuc/ieee754@1.2.0
20 silly idealTree ├── @xtuc/long@4.2.2
20 silly idealTree ├─┬ acorn-jsx@3.0.1
20 silly idealTree │ └── acorn@3.3.0
20 silly idealTree ├── acorn@5.7.4
20 silly idealTree ├── aggregate-error@3.0.1
20 silly idealTree ├── ajv-errors@1.0.1
20 silly idealTree ├── ajv-keywords@2.1.1
20 silly idealTree ├── ajv@5.5.2
20 silly idealTree ├── amdefine@1.0.1
20 silly idealTree ├── ansi-escapes@3.2.0
20 silly idealTree ├── ansi-regex@2.1.1
20 silly idealTree ├── ansi-styles@2.2.1
20 silly idealTree ├─┬ anymatch@2.0.0
20 silly idealTree │ ├─┬ braces@2.3.2
20 silly idealTree │ │ └── extend-shallow@2.0.1
20 silly idealTree │ ├─┬ fill-range@4.0.0
20 silly idealTree │ │ └── extend-shallow@2.0.1
20 silly idealTree │ ├─┬ is-number@3.0.0
20 silly idealTree │ │ └── kind-of@3.2.2
20 silly idealTree │ ├── micromatch@3.1.10
20 silly idealTree │ ├── normalize-path@2.1.1
20 silly idealTree │ └── to-regex-range@2.1.1
20 silly idealTree ├── aproba@1.2.0
20 silly idealTree ├── argparse@1.0.10
20 silly idealTree ├── arr-diff@4.0.0
20 silly idealTree ├── arr-flatten@1.1.0
20 silly idealTree ├── arr-union@3.1.0
20 silly idealTree ├── array-union@2.1.0
20 silly idealTree ├── array-uniq@1.0.3
20 silly idealTree ├── array-unique@0.3.2
20 silly idealTree ├─┬ asn1.js@5.4.1
20 silly idealTree │ └── bn.js@4.11.9
20 silly idealTree ├── asn1@0.2.4
20 silly idealTree ├── assert-plus@1.0.0
20 silly idealTree ├─┬ assert@1.5.0
20 silly idealTree │ ├── inherits@2.0.1
20 silly idealTree │ └── util@0.10.3
20 silly idealTree ├── assign-symbols@1.0.0
20 silly idealTree ├── async-each@1.0.3
20 silly idealTree ├── async@2.6.0
20 silly idealTree ├── asynckit@0.4.0
20 silly idealTree ├── atob@2.1.2
20 silly idealTree ├── aws-sign2@0.7.0
20 silly idealTree ├── aws4@1.9.1
20 silly idealTree ├── axios@0.19.2
20 silly idealTree ├─┬ babel-code-frame@6.26.0
20 silly idealTree │ ├── chalk@1.1.3
20 silly idealTree │ └── strip-ansi@3.0.1
20 silly idealTree ├── babel-plugin-react-intl@3.5.1
20 silly idealTree ├── balanced-match@1.0.0
20 silly idealTree ├─┬ base@0.11.2
20 silly idealTree │ ├── define-property@1.0.0
20 silly idealTree │ ├── is-accessor-descriptor@1.0.0
20 silly idealTree │ ├── is-data-descriptor@1.0.0
20 silly idealTree │ └── is-descriptor@1.0.2
20 silly idealTree ├── base64-js@1.5.1
20 silly idealTree ├── bcrypt-pbkdf@1.0.2
20 silly idealTree ├── big.js@3.2.0
20 silly idealTree ├── binary-extensions@1.13.1
20 silly idealTree ├── bindings@1.5.0
20 silly idealTree ├── bluebird@3.7.2
20 silly idealTree ├── bn.js@5.1.3
20 silly idealTree ├── brace-expansion@1.1.11
20 silly idealTree ├── braces@3.0.2
20 silly idealTree ├── brorand@1.1.0
20 silly idealTree ├── browser-stdout@1.3.0
20 silly idealTree ├── browserify-aes@1.2.0
20 silly idealTree ├── browserify-cipher@1.0.1
20 silly idealTree ├── browserify-des@1.0.2
20 silly idealTree ├── browserify-rsa@4.1.0
20 silly idealTree ├─┬ browserify-sign@4.2.1
20 silly idealTree │ ├── readable-stream@3.6.0
20 silly idealTree │ └── safe-buffer@5.2.1
20 silly idealTree ├── browserify-zlib@0.2.0
20 silly idealTree ├── browserslist@4.16.3
20 silly idealTree ├── buffer-crc32@0.2.13
20 silly idealTree ├── buffer-from@1.1.1
20 silly idealTree ├── buffer-xor@1.0.3
20 silly idealTree ├── buffer@4.9.2
20 silly idealTree ├── builtin-status-codes@3.0.0
20 silly idealTree ├─┬ cacache@10.0.4
20 silly idealTree │ └── mkdirp@0.5.5
20 silly idealTree ├── cache-base@1.0.1
20 silly idealTree ├── caller-path@0.1.0
20 silly idealTree ├── callsites@0.2.0
20 silly idealTree ├── camelcase@5.3.1
20 silly idealTree ├── caniuse-lite@1.0.30001204
20 silly idealTree ├── caseless@0.12.0
20 silly idealTree ├─┬ chalk@2.4.2
20 silly idealTree │ ├── ansi-styles@3.2.1
20 silly idealTree │ └── supports-color@5.5.0
20 silly idealTree ├── chardet@0.4.2
20 silly idealTree ├─┬ chokidar@3.5.0
20 silly idealTree │ ├── anymatch@3.1.1
20 silly idealTree │ ├── binary-extensions@2.1.0
20 silly idealTree │ ├── is-binary-path@2.1.0
20 silly idealTree │ └── readdirp@3.5.0
20 silly idealTree ├── chownr@1.1.4
20 silly idealTree ├── chrome-trace-event@1.0.2
20 silly idealTree ├── chromedriver@81.0.0
20 silly idealTree ├── cipher-base@1.0.4
20 silly idealTree ├── circular-json@0.3.3
20 silly idealTree ├─┬ class-utils@0.3.6
20 silly idealTree │ └── define-property@0.2.5
20 silly idealTree ├── clean-stack@2.2.0
20 silly idealTree ├── cli-cursor@2.1.0
20 silly idealTree ├── cli-width@2.2.1
20 silly idealTree ├─┬ cliui@5.0.0
20 silly idealTree │ ├── ansi-regex@4.1.0
20 silly idealTree │ ├── string-width@3.1.0
20 silly idealTree │ └── strip-ansi@5.2.0
20 silly idealTree ├── clone-buffer@1.0.0
20 silly idealTree ├── clone-stats@1.0.0
20 silly idealTree ├── clone@2.1.2
20 silly idealTree ├── cloneable-readable@1.1.3
20 silly idealTree ├── co@4.6.0
20 silly idealTree ├── collection-visit@1.0.0
20 silly idealTree ├── collections@0.2.2
20 silly idealTree ├── color-convert@1.9.3
20 silly idealTree ├── color-name@1.1.3
20 silly idealTree ├── colorette@1.2.2
20 silly idealTree ├── combined-stream@1.0.8
20 silly idealTree ├── commander@2.9.0
20 silly idealTree ├── commondir@1.0.1
20 silly idealTree ├── component-emitter@1.3.0
20 silly idealTree ├── concat-map@0.0.1
20 silly idealTree ├── concat-stream@1.6.2
20 silly idealTree ├── console-browserify@1.2.0
20 silly idealTree ├── constants-browserify@1.0.0
20 silly idealTree ├── convert-source-map@1.7.0
20 silly idealTree ├─┬ copy-concurrently@1.0.5
20 silly idealTree │ └── mkdirp@0.5.5
20 silly idealTree ├── copy-descriptor@0.1.1
20 silly idealTree ├─┬ copy-webpack-plugin@4.5.1
20 silly idealTree │ ├── array-union@1.0.2
20 silly idealTree │ ├── big.js@5.2.2
20 silly idealTree │ ├── dir-glob@2.2.2
20 silly idealTree │ ├── emojis-list@3.0.0
20 silly idealTree │ ├── globby@7.1.1
20 silly idealTree │ ├── ignore@3.3.10
20 silly idealTree │ ├── json5@1.0.1
20 silly idealTree │ ├── loader-utils@1.4.0
20 silly idealTree │ ├── path-type@3.0.0
20 silly idealTree │ └── slash@1.0.0
20 silly idealTree ├── core-util-is@1.0.2
20 silly idealTree ├─┬ create-ecdh@4.0.4
20 silly idealTree │ └── bn.js@4.11.9
20 silly idealTree ├── create-hash@1.2.0
20 silly idealTree ├── create-hmac@1.1.7
20 silly idealTree ├── cross-spawn@5.1.0
20 silly idealTree ├── crypto-browserify@3.12.0
20 silly idealTree ├── cyclist@1.0.1
20 silly idealTree ├── dashdash@1.14.1
20 silly idealTree ├── debug@3.1.0
20 silly idealTree ├── decamelize@1.2.0
20 silly idealTree ├── decode-uri-component@0.2.0
20 silly idealTree ├── deep-is@0.1.3
20 silly idealTree ├─┬ define-property@2.0.2
20 silly idealTree │ ├── is-accessor-descriptor@1.0.0
20 silly idealTree │ ├── is-data-descriptor@1.0.0
20 silly idealTree │ └── is-descriptor@1.0.2
20 silly idealTree ├─┬ del@5.1.0
20 silly idealTree │ ├── glob@7.1.6
20 silly idealTree │ ├── graceful-fs@4.2.4
20 silly idealTree │ └── rimraf@3.0.2
20 silly idealTree ├── delayed-stream@1.0.0
20 silly idealTree ├── des.js@1.0.1
20 silly idealTree ├── detect-file@1.0.0
20 silly idealTree ├── diff@3.3.1
20 silly idealTree ├─┬ diffie-hellman@5.0.3
20 silly idealTree │ └── bn.js@4.11.9
20 silly idealTree ├── dir-glob@3.0.1
20 silly idealTree ├── doctrine@2.1.0
20 silly idealTree ├── domain-browser@1.2.0
20 silly idealTree ├── duplexer@0.1.1
20 silly idealTree ├── duplexify@3.7.1
20 silly idealTree ├── ecc-jsbn@0.1.2
20 silly idealTree ├── electron-to-chromium@1.3.703
20 silly idealTree ├─┬ elliptic@6.5.4
20 silly idealTree │ └── bn.js@4.12.0
20 silly idealTree ├── emoji-regex@7.0.3
20 silly idealTree ├── emojis-list@2.1.0
20 silly idealTree ├── end-of-stream@1.4.4
20 silly idealTree ├─┬ enhanced-resolve@4.3.0
20 silly idealTree │ └── memory-fs@0.5.0
20 silly idealTree ├── errno@0.1.7
20 silly idealTree ├── escalade@3.1.1
20 silly idealTree ├── escape-string-regexp@1.0.5
20 silly idealTree ├── eslint-scope@3.7.3
20 silly idealTree ├── eslint-visitor-keys@1.1.0
20 silly idealTree ├─┬ eslint@4.19.1
20 silly idealTree │ ├── ignore@3.3.10
20 silly idealTree │ └── mkdirp@0.5.5
20 silly idealTree ├── espree@3.5.4
20 silly idealTree ├── esprima@4.0.1
20 silly idealTree ├─┬ esquery@1.3.1
20 silly idealTree │ └── estraverse@5.1.0
20 silly idealTree ├── esrecurse@4.2.1
20 silly idealTree ├── estraverse@4.3.0
20 silly idealTree ├── esutils@2.0.3
20 silly idealTree ├── event-stream@3.3.4
20 silly idealTree ├── events@3.2.0
20 silly idealTree ├── evp_bytestokey@1.0.3
20 silly idealTree ├─┬ expand-brackets@2.1.4
20 silly idealTree │ ├── debug@2.6.9
20 silly idealTree │ ├── define-property@0.2.5
20 silly idealTree │ └── extend-shallow@2.0.1
20 silly idealTree ├── expand-tilde@2.0.2
20 silly idealTree ├── exports-loader@0.6.3
20 silly idealTree ├─┬ extend-shallow@3.0.2
20 silly idealTree │ └── is-extendable@1.0.1
20 silly idealTree ├── extend@3.0.2
20 silly idealTree ├── external-editor@2.2.0
20 silly idealTree ├─┬ extglob@2.0.4
20 silly idealTree │ ├── define-property@1.0.0
20 silly idealTree │ ├── extend-shallow@2.0.1
20 silly idealTree │ ├── is-accessor-descriptor@1.0.0
20 silly idealTree │ ├── is-data-descriptor@1.0.0
20 silly idealTree │ └── is-descriptor@1.0.2
20 silly idealTree ├─┬ extract-zip@2.0.0
20 silly idealTree │ ├── debug@4.1.1
20 silly idealTree │ └── ms@2.1.2
20 silly idealTree ├── extsprintf@1.3.0
20 silly idealTree ├── fast-deep-equal@1.1.0
20 silly idealTree ├── fast-glob@3.2.2
20 silly idealTree ├── fast-json-stable-stringify@2.1.0
20 silly idealTree ├── fast-levenshtein@2.0.6
20 silly idealTree ├── fastq@1.8.0
20 silly idealTree ├── fd-slicer@1.1.0
20 silly idealTree ├── figgy-pudding@3.5.2
20 silly idealTree ├── figures@2.0.0
20 silly idealTree ├── file-entry-cache@2.0.0
20 silly idealTree ├── file-uri-to-path@1.0.0
20 silly idealTree ├── fill-range@7.0.1
20 silly idealTree ├── find-cache-dir@1.0.0
20 silly idealTree ├── find-up@2.1.0
20 silly idealTree ├─┬ findup-sync@3.0.0
20 silly idealTree │ ├─┬ braces@2.3.2
20 silly idealTree │ │ └── extend-shallow@2.0.1
20 silly idealTree │ ├─┬ fill-range@4.0.0
20 silly idealTree │ │ └── extend-shallow@2.0.1
20 silly idealTree │ ├─┬ is-number@3.0.0
20 silly idealTree │ │ └── kind-of@3.2.2
20 silly idealTree │ ├── micromatch@3.1.10
20 silly idealTree │ └── to-regex-range@2.1.1
20 silly idealTree ├── flat-cache@1.3.4
20 silly idealTree ├── flush-write-stream@1.1.1
20 silly idealTree ├── follow-redirects@1.5.10
20 silly idealTree ├── for-in@1.0.2
20 silly idealTree ├── forever-agent@0.6.1
20 silly idealTree ├── form-data@2.3.3
20 silly idealTree ├── fragment-cache@0.2.1
20 silly idealTree ├── from@0.1.7
20 silly idealTree ├── from2@2.3.0
20 silly idealTree ├─┬ fs-extra@8.1.0
20 silly idealTree │ └── graceful-fs@4.2.6
20 silly idealTree ├── fs-readdir-recursive@1.1.0
20 silly idealTree ├── fs-write-stream-atomic@1.0.10
20 silly idealTree ├── fs.realpath@1.0.0
20 silly idealTree ├── fsevents@2.3.1
20 silly idealTree ├── functional-red-black-tree@1.0.1
20 silly idealTree ├── gensync@1.0.0-beta.2
20 silly idealTree ├── get-caller-file@2.0.5
20 silly idealTree ├── get-stream@5.1.0
20 silly idealTree ├── get-value@2.0.6
20 silly idealTree ├── getpass@0.1.7
20 silly idealTree ├─┬ gh-pages@0.12.0
20 silly idealTree │ ├── array-union@1.0.2
20 silly idealTree │ ├── async@2.1.2
20 silly idealTree │ ├── globby@6.1.0
20 silly idealTree │ ├── graceful-fs@4.1.10
20 silly idealTree │ └── pify@2.3.0
20 silly idealTree ├── glob-parent@5.1.1
20 silly idealTree ├── glob@7.1.2
20 silly idealTree ├─┬ global-modules@2.0.0
20 silly idealTree │ └── global-prefix@3.0.0
20 silly idealTree ├── global-prefix@1.0.2
20 silly idealTree ├── globals@11.12.0
20 silly idealTree ├─┬ globby@10.0.2
20 silly idealTree │ └── glob@7.1.6
20 silly idealTree ├─┬ google-closure-compiler@20180402.0.0
20 silly idealTree │ ├── chalk@1.1.3
20 silly idealTree │ └── strip-ansi@3.0.1
20 silly idealTree ├── google-closure-library@20190301.0.0
20 silly idealTree ├── graceful-fs@4.1.11
20 silly idealTree ├── graceful-readlink@1.0.1
20 silly idealTree ├── growl@1.10.3
20 silly idealTree ├── har-schema@2.0.0
20 silly idealTree ├─┬ har-validator@5.1.3
20 silly idealTree │ ├── ajv@6.12.2
20 silly idealTree │ ├── fast-deep-equal@3.1.1
20 silly idealTree │ └── json-schema-traverse@0.4.1
20 silly idealTree ├── has-ansi@2.0.0
20 silly idealTree ├── has-flag@3.0.0
20 silly idealTree ├── has-value@1.0.0
20 silly idealTree ├─┬ has-values@1.0.0
20 silly idealTree │ ├─┬ is-number@3.0.0
20 silly idealTree │ │ └── kind-of@3.2.2
20 silly idealTree │ └── kind-of@4.0.0
20 silly idealTree ├─┬ hash-base@3.1.0
20 silly idealTree │ ├── readable-stream@3.6.0
20 silly idealTree │ └── safe-buffer@5.2.1
20 silly idealTree ├── hash.js@1.1.7
20 silly idealTree ├── he@1.1.1
20 silly idealTree ├── hmac-drbg@1.0.1
20 silly idealTree ├── hoist-non-react-statics@3.3.2
20 silly idealTree ├── homedir-polyfill@1.0.3
20 silly idealTree ├── http-signature@1.2.0
20 silly idealTree ├── https-browserify@1.0.0
20 silly idealTree ├── iconv-lite@0.4.24
20 silly idealTree ├── ieee754@1.2.1
20 silly idealTree ├── iferr@0.1.5
20 silly idealTree ├── ignore@5.1.4
20 silly idealTree ├── immediate@3.0.6
20 silly idealTree ├─┬ import-local@2.0.0
20 silly idealTree │ ├── find-up@3.0.0
20 silly idealTree │ ├── locate-path@3.0.0
20 silly idealTree │ ├── p-limit@2.3.0
20 silly idealTree │ ├── p-locate@3.0.0
20 silly idealTree │ ├── p-try@2.2.0
20 silly idealTree │ └── pkg-dir@3.0.0
20 silly idealTree ├── imports-loader@0.6.5
20 silly idealTree ├── imurmurhash@0.1.4
20 silly idealTree ├── indent-string@4.0.0
20 silly idealTree ├── infer-owner@1.0.4
20 silly idealTree ├── inflight@1.0.6
20 silly idealTree ├── inherits@2.0.4
20 silly idealTree ├── ini@1.3.7
20 silly idealTree ├── inquirer@3.3.0
20 silly idealTree ├── interpret@1.4.0
20 silly idealTree ├── intl-format-cache@2.2.9
20 silly idealTree ├── intl-messageformat-parser@1.8.1
20 silly idealTree ├─┬ intl-messageformat@2.2.0
20 silly idealTree │ └── intl-messageformat-parser@1.4.0
20 silly idealTree ├── intl-relativeformat@2.2.0
20 silly idealTree ├── invariant@2.2.4
20 silly idealTree ├── ip-regex@2.1.0
20 silly idealTree ├─┬ is-accessor-descriptor@0.1.6
20 silly idealTree │ └── kind-of@3.2.2
20 silly idealTree ├── is-binary-path@1.0.1
20 silly idealTree ├── is-buffer@1.1.6
20 silly idealTree ├─┬ is-data-descriptor@0.1.4
20 silly idealTree │ └── kind-of@3.2.2
20 silly idealTree ├─┬ is-descriptor@0.1.6
20 silly idealTree │ └── kind-of@5.1.0
20 silly idealTree ├── is-extendable@0.1.1
20 silly idealTree ├── is-extglob@2.1.1
20 silly idealTree ├── is-fullwidth-code-point@2.0.0
20 silly idealTree ├── is-glob@4.0.1
20 silly idealTree ├── is-number@7.0.0
20 silly idealTree ├── is-path-cwd@2.2.0
20 silly idealTree ├── is-path-inside@3.0.2
20 silly idealTree ├── is-plain-object@2.0.4
20 silly idealTree ├── is-resolvable@1.1.0
20 silly idealTree ├── is-typedarray@1.0.0
20 silly idealTree ├── is-url@1.2.4
20 silly idealTree ├── is-windows@1.0.2
20 silly idealTree ├── is-wsl@1.1.0
20 silly idealTree ├── is2@2.0.1
20 silly idealTree ├── isarray@1.0.0
20 silly idealTree ├── isexe@2.0.0
20 silly idealTree ├── isobject@3.0.1
20 silly idealTree ├── isstream@0.1.2
20 silly idealTree ├── js-tokens@3.0.2
20 silly idealTree ├── js-yaml@3.13.1
20 silly idealTree ├── jsbn@0.1.1
20 silly idealTree ├── jsesc@2.5.2
20 silly idealTree ├── json-parse-better-errors@1.0.2
20 silly idealTree ├── json-schema-traverse@0.3.1
20 silly idealTree ├── json-schema@0.2.3
20 silly idealTree ├── json-stable-stringify-without-jsonify@1.0.1
20 silly idealTree ├── json-stringify-safe@5.0.1
20 silly idealTree ├── json@9.0.4
20 silly idealTree ├── json5@0.5.1
20 silly idealTree ├── jsonfile@4.0.0
20 silly idealTree ├── jsprim@1.4.1
20 silly idealTree ├── jszip@3.6.0
20 silly idealTree ├── kind-of@6.0.3
20 silly idealTree ├── levn@0.3.0
20 silly idealTree ├── lie@3.3.0
20 silly idealTree ├── loader-runner@2.4.0
20 silly idealTree ├── loader-utils@0.2.17
20 silly idealTree ├── locate-path@2.0.0
20 silly idealTree ├── lodash@4.17.20
20 silly idealTree ├── loose-envify@1.4.0
20 silly idealTree ├── lru-cache@4.1.5
20 silly idealTree ├── make-dir@1.3.0
20 silly idealTree ├── map-cache@0.2.2
20 silly idealTree ├── map-stream@0.1.0
20 silly idealTree ├── map-visit@1.0.0
20 silly idealTree ├── md5.js@1.3.5
20 silly idealTree ├── memory-fs@0.4.1
20 silly idealTree ├── merge2@1.3.0
20 silly idealTree ├── micromatch@4.0.2
20 silly idealTree ├─┬ miller-rabin@4.0.1
20 silly idealTree │ └── bn.js@4.11.9
20 silly idealTree ├── mime-db@1.44.0
20 silly idealTree ├── mime-types@2.1.27
20 silly idealTree ├── mime@1.6.0
20 silly idealTree ├── mimeparse@0.1.4
20 silly idealTree ├── mimic-fn@1.2.0
20 silly idealTree ├── minimalistic-assert@1.0.1
20 silly idealTree ├── minimalistic-crypto-utils@1.0.1
20 silly idealTree ├── minimatch@3.0.4
20 silly idealTree ├── minimist@1.2.5
20 silly idealTree ├─┬ mississippi@2.0.0
20 silly idealTree │ └── pump@2.0.1
20 silly idealTree ├─┬ mixin-deep@1.3.2
20 silly idealTree │ └── is-extendable@1.0.1
20 silly idealTree ├── mkdirp@1.0.4
20 silly idealTree ├── mkpath@1.0.0
20 silly idealTree ├─┬ mocha@4.1.0
20 silly idealTree │ ├── commander@2.11.0
20 silly idealTree │ ├── has-flag@2.0.0
20 silly idealTree │ ├── minimist@0.0.8
20 silly idealTree │ ├── mkdirp@0.5.1
20 silly idealTree │ └── supports-color@4.4.0
20 silly idealTree ├─┬ move-concurrently@1.0.1
20 silly idealTree │ └── mkdirp@0.5.5
20 silly idealTree ├── ms@2.0.0
20 silly idealTree ├── mute-stream@0.0.7
20 silly idealTree ├── nan@2.14.2
20 silly idealTree ├── nanomatch@1.2.13
20 silly idealTree ├── natural-compare@1.4.0
20 silly idealTree ├── neo-async@2.6.2
20 silly idealTree ├── nice-try@1.0.5
20 silly idealTree ├─┬ node-libs-browser@2.2.1
20 silly idealTree │ └── punycode@1.4.1
20 silly idealTree ├── node-releases@1.1.71
20 silly idealTree ├── normalize-path@3.0.0
20 silly idealTree ├── oauth-sign@0.9.0
20 silly idealTree ├── object-assign@4.1.1
20 silly idealTree ├─┬ object-copy@0.1.0
20 silly idealTree │ ├── define-property@0.2.5
20 silly idealTree │ └── kind-of@3.2.2
20 silly idealTree ├── object-visit@1.0.1
20 silly idealTree ├── object.pick@1.3.0
20 silly idealTree ├── once@1.4.0
20 silly idealTree ├── onetime@2.0.1
20 silly idealTree ├── optionator@0.8.3
20 silly idealTree ├── os-browserify@0.3.0
20 silly idealTree ├── os-tmpdir@1.0.2
20 silly idealTree ├── p-limit@1.3.0
20 silly idealTree ├── p-locate@2.0.0
20 silly idealTree ├── p-map@3.0.0
20 silly idealTree ├── p-try@1.0.0
20 silly idealTree ├── pako@1.0.11
20 silly idealTree ├── parallel-transform@1.2.0
20 silly idealTree ├── parse-asn1@5.1.6
20 silly idealTree ├── parse-passwd@1.0.0
20 silly idealTree ├── pascalcase@0.1.1
20 silly idealTree ├── path-browserify@0.0.1
20 silly idealTree ├── path-dirname@1.0.2
20 silly idealTree ├── path-exists@3.0.0
20 silly idealTree ├── path-is-absolute@1.0.1
20 silly idealTree ├── path-is-inside@1.0.2
20 silly idealTree ├── path-key@2.0.1
20 silly idealTree ├── path-type@4.0.0
20 silly idealTree ├── pause-stream@0.0.11
20 silly idealTree ├── pbkdf2@3.1.1
20 silly idealTree ├── pend@1.2.0
20 silly idealTree ├── performance-now@2.1.0
20 silly idealTree ├── picomatch@2.2.2
20 silly idealTree ├── pify@3.0.0
20 silly idealTree ├── pinkie-promise@2.0.1
20 silly idealTree ├── pinkie@2.0.4
20 silly idealTree ├── pkg-dir@2.0.0
20 silly idealTree ├── pluralize@7.0.0
20 silly idealTree ├── posix-character-classes@0.1.1
20 silly idealTree ├── prelude-ls@1.1.2
20 silly idealTree ├── process-nextick-args@2.0.1
20 silly idealTree ├── process@0.11.10
20 silly idealTree ├── progress@2.0.3
20 silly idealTree ├── promise-inflight@1.0.1
20 silly idealTree ├── prr@1.0.1
20 silly idealTree ├── pseudomap@1.0.2
20 silly idealTree ├── psl@1.8.0
20 silly idealTree ├─┬ public-encrypt@4.0.3
20 silly idealTree │ └── bn.js@4.11.9
20 silly idealTree ├── pump@3.0.0
20 silly idealTree ├─┬ pumpify@1.5.1
20 silly idealTree │ └── pump@2.0.1
20 silly idealTree ├── punycode@2.1.1
20 silly idealTree ├── q-io@1.13.2
20 silly idealTree ├── q@1.4.1
20 silly idealTree ├── qs@1.2.2
20 silly idealTree ├── querystring-es3@0.2.1
20 silly idealTree ├── querystring@0.2.0
20 silly idealTree ├── randombytes@2.1.0
20 silly idealTree ├── randomfill@1.0.4
20 silly idealTree ├── react-intl@2.9.0
20 silly idealTree ├── react-is@16.13.1
20 silly idealTree ├── readable-stream@2.3.7
20 silly idealTree ├─┬ readdirp@2.2.1
20 silly idealTree │ ├─┬ braces@2.3.2
20 silly idealTree │ │ └── extend-shallow@2.0.1
20 silly idealTree │ ├─┬ fill-range@4.0.0
20 silly idealTree │ │ └── extend-shallow@2.0.1
20 silly idealTree │ ├─┬ is-number@3.0.0
20 silly idealTree │ │ └── kind-of@3.2.2
20 silly idealTree │ ├── micromatch@3.1.10
20 silly idealTree │ └── to-regex-range@2.1.1
20 silly idealTree ├── regex-not@1.0.2
20 silly idealTree ├── regexpp@1.1.0
20 silly idealTree ├── remove-trailing-separator@1.1.0
20 silly idealTree ├── repeat-element@1.1.3
20 silly idealTree ├── repeat-string@1.6.1
20 silly idealTree ├── replace-ext@1.0.1
20 silly idealTree ├─┬ request@2.88.2
20 silly idealTree │ └── qs@6.5.2
20 silly idealTree ├── require-directory@2.1.1
20 silly idealTree ├── require-main-filename@2.0.0
20 silly idealTree ├── require-uncached@1.0.3
20 silly idealTree ├─┬ resolve-cwd@2.0.0
20 silly idealTree │ └── resolve-from@3.0.0
20 silly idealTree ├─┬ resolve-dir@1.0.1
20 silly idealTree │ └── global-modules@1.0.0
20 silly idealTree ├── resolve-from@1.0.1
20 silly idealTree ├── resolve-url@0.2.1
20 silly idealTree ├── restore-cursor@2.0.0
20 silly idealTree ├── ret@0.1.15
20 silly idealTree ├── reusify@1.0.4
20 silly idealTree ├── rimraf@2.6.2
20 silly idealTree ├── ripemd160@2.0.2
20 silly idealTree ├── run-async@2.4.1
20 silly idealTree ├── run-parallel@1.1.9
20 silly idealTree ├── run-queue@1.0.3
20 silly idealTree ├── rx-lite-aggregates@4.0.8
20 silly idealTree ├── rx-lite@4.0.8
20 silly idealTree ├── safe-buffer@5.1.2
20 silly idealTree ├── safe-regex@1.1.0
20 silly idealTree ├── safer-buffer@2.1.2
20 silly idealTree ├─┬ schema-utils@0.4.7
20 silly idealTree │ ├── ajv-keywords@3.4.1
20 silly idealTree │ ├── ajv@6.12.2
20 silly idealTree │ ├── fast-deep-equal@3.1.1
20 silly idealTree │ └── json-schema-traverse@0.4.1
20 silly idealTree ├── scratch-l10n@3.11.20210331031557
20 silly idealTree ├─┬ selenium-webdriver@4.0.0-beta.2
20 silly idealTree │ ├── glob@7.1.6
20 silly idealTree │ ├── rimraf@2.7.1
20 silly idealTree │ └─┬ tmp@0.2.1
20 silly idealTree │   └── rimraf@3.0.2
20 silly idealTree ├── semver@5.7.1
20 silly idealTree ├── serialize-javascript@1.9.1
20 silly idealTree ├── set-blocking@2.0.0
20 silly idealTree ├── set-immediate-shim@1.0.1
20 silly idealTree ├─┬ set-value@2.0.1
20 silly idealTree │ └── extend-shallow@2.0.1
20 silly idealTree ├── setimmediate@1.0.5
20 silly idealTree ├── sha.js@2.4.11
20 silly idealTree ├── shebang-command@1.2.0
20 silly idealTree ├── shebang-regex@1.0.0
20 silly idealTree ├── should-equal@2.0.0
20 silly idealTree ├── should-format@3.0.3
20 silly idealTree ├── should-type-adaptors@1.1.0
20 silly idealTree ├── should-type@1.4.0
20 silly idealTree ├── should-util@1.0.1
20 silly idealTree ├── should@13.2.3
20 silly idealTree ├── signal-exit@3.0.3
20 silly idealTree ├── slash@3.0.0
20 silly idealTree ├── slice-ansi@1.0.0
20 silly idealTree ├─┬ snapdragon-node@2.1.1
20 silly idealTree │ ├── define-property@1.0.0
20 silly idealTree │ ├── is-accessor-descriptor@1.0.0
20 silly idealTree │ ├── is-data-descriptor@1.0.0
20 silly idealTree │ └── is-descriptor@1.0.2
20 silly idealTree ├─┬ snapdragon-util@3.0.1
20 silly idealTree │ └── kind-of@3.2.2
20 silly idealTree ├─┬ snapdragon@0.8.2
20 silly idealTree │ ├── debug@2.6.9
20 silly idealTree │ ├── define-property@0.2.5
20 silly idealTree │ ├── extend-shallow@2.0.1
20 silly idealTree │ └── source-map@0.5.7
20 silly idealTree ├── source-list-map@2.0.1
20 silly idealTree ├── source-map-resolve@0.5.3
20 silly idealTree ├─┬ source-map-support@0.5.19
20 silly idealTree │ └── source-map@0.6.1
20 silly idealTree ├── source-map-url@0.4.0
20 silly idealTree ├── source-map@0.1.43
20 silly idealTree ├── split-string@3.1.0
20 silly idealTree ├── split@0.3.3
20 silly idealTree ├── sprintf-js@1.0.3
20 silly idealTree ├── sshpk@1.16.1
20 silly idealTree ├── ssri@5.3.0
20 silly idealTree ├─┬ static-extend@0.1.2
20 silly idealTree │ └── define-property@0.2.5
20 silly idealTree ├── stream-browserify@2.0.2
20 silly idealTree ├── stream-combiner@0.0.4
20 silly idealTree ├── stream-each@1.2.3
20 silly idealTree ├── stream-http@2.8.3
20 silly idealTree ├── stream-shift@1.0.1
20 silly idealTree ├── string_decoder@1.1.1
20 silly idealTree ├── string-width@2.1.1
20 silly idealTree ├─┬ strip-ansi@4.0.0
20 silly idealTree │ └── ansi-regex@3.0.0
20 silly idealTree ├── strip-json-comments@2.0.1
20 silly idealTree ├── supports-color@2.0.0
20 silly idealTree ├── table@4.0.2
20 silly idealTree ├── tapable@1.1.3
20 silly idealTree ├─┬ tcp-port-used@1.0.1
20 silly idealTree │ ├── debug@4.1.0
20 silly idealTree │ └── ms@2.1.2
20 silly idealTree ├─┬ terser-webpack-plugin@1.4.5
20 silly idealTree │ ├── ajv-keywords@3.5.2
20 silly idealTree │ ├── ajv@6.12.6
20 silly idealTree │ ├── cacache@12.0.4
20 silly idealTree │ ├── fast-deep-equal@3.1.3
20 silly idealTree │ ├── find-cache-dir@2.1.0
20 silly idealTree │ ├── find-up@3.0.0
20 silly idealTree │ ├── glob@7.1.6
20 silly idealTree │ ├── graceful-fs@4.2.4
20 silly idealTree │ ├── json-schema-traverse@0.4.1
20 silly idealTree │ ├── locate-path@3.0.0
20 silly idealTree │ ├── lru-cache@5.1.1
20 silly idealTree │ ├── make-dir@2.1.0
20 silly idealTree │ ├── mississippi@3.0.0
20 silly idealTree │ ├── mkdirp@0.5.5
20 silly idealTree │ ├── p-limit@2.3.0
20 silly idealTree │ ├── p-locate@3.0.0
20 silly idealTree │ ├── p-try@2.2.0
20 silly idealTree │ ├── pify@4.0.1
20 silly idealTree │ ├── pkg-dir@3.0.0
20 silly idealTree │ ├── rimraf@2.7.1
20 silly idealTree │ ├── schema-utils@1.0.0
20 silly idealTree │ ├── serialize-javascript@4.0.0
20 silly idealTree │ ├── source-map@0.6.1
20 silly idealTree │ ├── ssri@6.0.1
20 silly idealTree │ └── yallist@3.1.1
20 silly idealTree ├─┬ terser@4.8.0
20 silly idealTree │ ├── commander@2.20.3
20 silly idealTree │ └── source-map@0.6.1
20 silly idealTree ├── text-table@0.2.0
20 silly idealTree ├── through@2.3.8
20 silly idealTree ├── through2@2.0.5
20 silly idealTree ├── timers-browserify@2.0.12
20 silly idealTree ├── tmp@0.0.33
20 silly idealTree ├── to-arraybuffer@1.0.1
20 silly idealTree ├── to-fast-properties@2.0.0
20 silly idealTree ├─┬ to-object-path@0.3.0
20 silly idealTree │ └── kind-of@3.2.2
20 silly idealTree ├── to-regex-range@5.0.1
20 silly idealTree ├── to-regex@3.0.2
20 silly idealTree ├── tough-cookie@2.5.0
20 silly idealTree ├── transifex@1.6.6
20 silly idealTree ├── travis-after-all@1.4.4
20 silly idealTree ├── tslib@1.14.1
20 silly idealTree ├── tty-browserify@0.0.0
20 silly idealTree ├── tunnel-agent@0.6.0
20 silly idealTree ├── tweetnacl@0.14.5
20 silly idealTree ├── type-check@0.3.2
20 silly idealTree ├── typedarray@0.0.6
20 silly idealTree ├─┬ uglify-es@3.3.9
20 silly idealTree │ ├── commander@2.13.0
20 silly idealTree │ └── source-map@0.6.1
20 silly idealTree ├─┬ uglifyjs-webpack-plugin@1.3.0
20 silly idealTree │ └── source-map@0.6.1
20 silly idealTree ├── union-value@1.0.1
20 silly idealTree ├── unique-filename@1.1.1
20 silly idealTree ├── unique-slug@2.0.2
20 silly idealTree ├── universalify@0.1.2
20 silly idealTree ├─┬ unset-value@1.0.0
20 silly idealTree │ ├─┬ has-value@0.3.1
20 silly idealTree │ │ └── isobject@2.1.0
20 silly idealTree │ └── has-values@0.1.4
20 silly idealTree ├── upath@1.2.0
20 silly idealTree ├── uri-js@4.2.2
20 silly idealTree ├── urix@0.1.0
20 silly idealTree ├─┬ url@0.11.0
20 silly idealTree │ └── punycode@1.3.2
20 silly idealTree ├── url2@0.0.0
20 silly idealTree ├── use@3.1.1
20 silly idealTree ├── util-deprecate@1.0.2
20 silly idealTree ├─┬ util@0.11.1
20 silly idealTree │ └── inherits@2.0.3
20 silly idealTree ├── uuid@3.4.0
20 silly idealTree ├── v8-compile-cache@2.1.1
20 silly idealTree ├── verror@1.10.0
20 silly idealTree ├─┬ vinyl-sourcemaps-apply@0.2.1
20 silly idealTree │ └── source-map@0.5.7
20 silly idealTree ├── vinyl@2.2.0
20 silly idealTree ├── vm-browserify@1.1.2
20 silly idealTree ├─┬ watchpack-chokidar2@2.0.1
20 silly idealTree │ ├── braces@2.3.2
20 silly idealTree │ ├── chokidar@2.1.8
20 silly idealTree │ ├── extend-shallow@2.0.1
20 silly idealTree │ ├── fill-range@4.0.0
20 silly idealTree │ ├── fsevents@1.2.13
20 silly idealTree │ ├─┬ glob-parent@3.1.0
20 silly idealTree │ │ └── is-glob@3.1.0
20 silly idealTree │ ├── is-number@3.0.0
20 silly idealTree │ ├── kind-of@3.2.2
20 silly idealTree │ └── to-regex-range@2.1.1
20 silly idealTree ├── watchpack@1.7.5
20 silly idealTree ├── weak-map@1.0.0
20 silly idealTree ├─┬ webpack-cli@3.3.12
20 silly idealTree │ ├── big.js@5.2.2
20 silly idealTree │ ├── cross-spawn@6.0.5
20 silly idealTree │ ├── emojis-list@3.0.0
20 silly idealTree │ ├── json5@1.0.1
20 silly idealTree │ ├── loader-utils@1.4.0
20 silly idealTree │ └── supports-color@6.1.0
20 silly idealTree ├─┬ webpack-sources@1.4.3
20 silly idealTree │ └── source-map@0.6.1
20 silly idealTree ├─┬ webpack@4.46.0
20 silly idealTree │ ├── acorn@6.4.2
20 silly idealTree │ ├── ajv-keywords@3.5.2
20 silly idealTree │ ├── ajv@6.12.6
20 silly idealTree │ ├── big.js@5.2.2
20 silly idealTree │ ├─┬ braces@2.3.2
20 silly idealTree │ │ └── extend-shallow@2.0.1
20 silly idealTree │ ├── emojis-list@3.0.0
20 silly idealTree │ ├─┬ enhanced-resolve@4.5.0
20 silly idealTree │ │ └── memory-fs@0.5.0
20 silly idealTree │ ├── eslint-scope@4.0.3
20 silly idealTree │ ├── fast-deep-equal@3.1.3
20 silly idealTree │ ├─┬ fill-range@4.0.0
20 silly idealTree │ │ └── extend-shallow@2.0.1
20 silly idealTree │ ├─┬ is-number@3.0.0
20 silly idealTree │ │ └── kind-of@3.2.2
20 silly idealTree │ ├── json-schema-traverse@0.4.1
20 silly idealTree │ ├── json5@1.0.1
20 silly idealTree │ ├── loader-utils@1.4.0
20 silly idealTree │ ├── micromatch@3.1.10
20 silly idealTree │ ├── mkdirp@0.5.5
20 silly idealTree │ ├── schema-utils@1.0.0
20 silly idealTree │ └── to-regex-range@2.1.1
20 silly idealTree ├── which-module@2.0.0
20 silly idealTree ├── which@1.3.1
20 silly idealTree ├── word-wrap@1.2.3
20 silly idealTree ├── worker-farm@1.7.0
20 silly idealTree ├─┬ wrap-ansi@5.1.0
20 silly idealTree │ ├── ansi-regex@4.1.0
20 silly idealTree │ ├── ansi-styles@3.2.1
20 silly idealTree │ ├── string-width@3.1.0
20 silly idealTree │ └── strip-ansi@5.2.0
20 silly idealTree ├── wrappy@1.0.2
20 silly idealTree ├─┬ write@0.2.1
20 silly idealTree │ └── mkdirp@0.5.5
20 silly idealTree ├── ws@7.4.4
20 silly idealTree ├── xtend@4.0.2
20 silly idealTree ├── y18n@4.0.1
20 silly idealTree ├── yallist@2.1.2
20 silly idealTree ├── yargs-parser@13.1.2
20 silly idealTree ├─┬ yargs@13.3.2
20 silly idealTree │ ├── ansi-regex@4.1.0
20 silly idealTree │ ├── find-up@3.0.0
20 silly idealTree │ ├── locate-path@3.0.0
20 silly idealTree │ ├── p-limit@2.3.0
20 silly idealTree │ ├── p-locate@3.0.0
20 silly idealTree │ ├── p-try@2.2.0
20 silly idealTree │ ├── string-width@3.1.0
20 silly idealTree │ └── strip-ansi@5.2.0
20 silly idealTree └── yauzl@2.10.0
21 silly install generateActionsToTake
22 timing stage:generateActionsToTake Completed in 116ms
23 silly diffTrees action count 8
24 silly diffTrees add file-uri-to-path@1.0.0
25 silly diffTrees add bindings@1.5.0
26 silly diffTrees add fsevents@2.3.1
27 silly diffTrees add nan@2.14.2
28 silly diffTrees add fsevents@1.2.13
29 silly diffTrees remove loader-utils
30 silly diffTrees remove loader-utils
31 silly diffTrees remove global-prefix
32 silly decomposeActions action count 46
33 silly decomposeActions fetch file-uri-to-path@1.0.0
34 silly decomposeActions extract file-uri-to-path@1.0.0
35 silly decomposeActions preinstall file-uri-to-path@1.0.0
36 silly decomposeActions build file-uri-to-path@1.0.0
37 silly decomposeActions install file-uri-to-path@1.0.0
38 silly decomposeActions postinstall file-uri-to-path@1.0.0
39 silly decomposeActions finalize file-uri-to-path@1.0.0
40 silly decomposeActions refresh-package-json file-uri-to-path@1.0.0
41 silly decomposeActions fetch bindings@1.5.0
42 silly decomposeActions extract bindings@1.5.0
43 silly decomposeActions preinstall bindings@1.5.0
44 silly decomposeActions build bindings@1.5.0
45 silly decomposeActions install bindings@1.5.0
46 silly decomposeActions postinstall bindings@1.5.0
47 silly decomposeActions finalize bindings@1.5.0
48 silly decomposeActions refresh-package-json bindings@1.5.0
49 silly decomposeActions fetch fsevents@2.3.1
50 silly decomposeActions extract fsevents@2.3.1
51 silly decomposeActions preinstall fsevents@2.3.1
52 silly decomposeActions build fsevents@2.3.1
53 silly decomposeActions install fsevents@2.3.1
54 silly decomposeActions postinstall fsevents@2.3.1
55 silly decomposeActions finalize fsevents@2.3.1
56 silly decomposeActions refresh-package-json fsevents@2.3.1
57 silly decomposeActions fetch nan@2.14.2
58 silly decomposeActions extract nan@2.14.2
59 silly decomposeActions preinstall nan@2.14.2
60 silly decomposeActions build nan@2.14.2
61 silly decomposeActions install nan@2.14.2
62 silly decomposeActions postinstall nan@2.14.2
63 silly decomposeActions finalize nan@2.14.2
64 silly decomposeActions refresh-package-json nan@2.14.2
65 silly decomposeActions fetch fsevents@1.2.13
66 silly decomposeActions extract fsevents@1.2.13
67 silly decomposeActions preinstall fsevents@1.2.13
68 silly decomposeActions build fsevents@1.2.13
69 silly decomposeActions install fsevents@1.2.13
70 silly decomposeActions postinstall fsevents@1.2.13
71 silly decomposeActions finalize fsevents@1.2.13
72 silly decomposeActions refresh-package-json fsevents@1.2.13
73 silly decomposeActions unbuild loader-utils
74 silly decomposeActions remove loader-utils
75 silly decomposeActions unbuild loader-utils
76 silly decomposeActions remove loader-utils
77 silly decomposeActions unbuild global-prefix
78 silly decomposeActions remove global-prefix
79 silly install executeActions
80 silly doSerial global-install 46
81 verbose correctMkdir /home/raiden/.npm/_locks correctMkdir not in flight; initializing
82 verbose lock using /home/raiden/.npm/_locks/staging-d9b5612599dff9a1.lock for /home/raiden/Nandu/scratch-blocks/node_modules/.staging
83 silly doParallel extract 5
84 silly extract file-uri-to-path@1.0.0
85 silly extract bindings@1.5.0
86 silly extract fsevents@2.3.1
87 silly extract nan@2.14.2
88 silly extract fsevents@1.2.13
89 silly tarball trying file-uri-to-path@1.0.0 by hash: sha512-0Zt+s3L7Vf1biwWZ29aARiVYLx7iMGnEUl9x33fbB/j3jR81u/O2LbqK+Bm1CDSNDKVtJ/YjwY7TUd5SkeLQLw==
90 silly tarball trying fsevents@2.3.1 by hash: sha512-YR47Eg4hChJGAB1O3yEAOkGO+rlzutoICGqGo9EZ4lKWokzZRSyIW1QmTzqjtw8MJdj9srP869CuWw/hyzSiBw==
91 silly tarball trying bindings@1.5.0 by hash: sha512-p2q/t/mhvuOj/UeLlV6566GD/guowlr0hHxClI0W9m7MWYkL1F0hLo+0Aexs9HSPCtR1SXQ0TD3MMKrXZajbiQ==
92 silly tarball trying nan@2.14.2 by hash: sha512-M2ufzIiINKCuDfBSAUr1vWQ+vuVcA9kqx8JJUsbQi6yf1uGRyb7HfpdfUr5qLXf3B/t8dPvcjhKMmlfnP47EzQ==
93 silly tarball trying fsevents@1.2.13 by hash: sha512-oWb1Z6mkHIskLzEJ/XWX0srkpkTQ7vaopMQkyaEIoq0fmtFVxOthb8cCxeT+p3ynTdkk/RZwbgG4brR5BeWECw==
94 silly extract bindings@1.5.0 extracted to /home/raiden/Nandu/scratch-blocks/node_modules/.staging/bindings-2202900b (150ms)
95 silly extract fsevents@2.3.1 extracted to /home/raiden/Nandu/scratch-blocks/node_modules/.staging/fsevents-a192e629 (167ms)
96 silly extract fsevents@1.2.13 extracted to /home/raiden/Nandu/scratch-blocks/node_modules/.staging/fsevents-92b3737f (173ms)
97 silly extract file-uri-to-path@1.0.0 extracted to /home/raiden/Nandu/scratch-blocks/node_modules/.staging/file-uri-to-path-6df1c675 (175ms)
98 silly extract nan@2.14.2 extracted to /home/raiden/Nandu/scratch-blocks/node_modules/.staging/nan-7d053ee7 (213ms)
99 timing action:extract Completed in 223ms
100 silly doReverseSerial unbuild 46
101 silly unbuild global-prefix
102 info lifecycle undefined~preuninstall: undefined
103 info lifecycle undefined~uninstall: undefined
104 verbose unbuild rmStuff undefined 'from' '/home/raiden/Nandu/scratch-blocks/node_modules'
105 verbose unbuild rmStuff in /home/raiden/Nandu/scratch-blocks/node_modules/resolve-dir/node_modules
106 info lifecycle undefined~postuninstall: undefined
107 silly unbuild loader-utils
108 info lifecycle undefined~preuninstall: undefined
109 info lifecycle undefined~uninstall: undefined
110 verbose unbuild rmStuff undefined 'from' '/home/raiden/Nandu/scratch-blocks/node_modules'
111 verbose unbuild rmStuff in /home/raiden/Nandu/scratch-blocks/node_modules/imports-loader/node_modules
112 info lifecycle undefined~postuninstall: undefined
113 silly unbuild loader-utils
114 info lifecycle undefined~preuninstall: undefined
115 info lifecycle undefined~uninstall: undefined
116 verbose unbuild rmStuff undefined 'from' '/home/raiden/Nandu/scratch-blocks/node_modules'
117 verbose unbuild rmStuff in /home/raiden/Nandu/scratch-blocks/node_modules/exports-loader/node_modules
118 info lifecycle undefined~postuninstall: undefined
119 timing action:unbuild Completed in 3ms
120 silly doSerial remove 46
121 silly remove /home/raiden/Nandu/scratch-blocks/node_modules/exports-loader/node_modules/loader-utils
122 silly remove /home/raiden/Nandu/scratch-blocks/node_modules/imports-loader/node_modules/loader-utils
123 silly remove /home/raiden/Nandu/scratch-blocks/node_modules/resolve-dir/node_modules/global-prefix
124 timing action:remove Completed in 29ms
125 silly doSerial move 46
126 silly doSerial finalize 46
127 silly finalize /home/raiden/Nandu/scratch-blocks/node_modules/file-uri-to-path
128 silly finalize /home/raiden/Nandu/scratch-blocks/node_modules/bindings
129 silly finalize /home/raiden/Nandu/scratch-blocks/node_modules/fsevents
130 silly finalize /home/raiden/Nandu/scratch-blocks/node_modules/nan
131 silly finalize /home/raiden/Nandu/scratch-blocks/node_modules/watchpack-chokidar2/node_modules/fsevents
132 timing action:finalize Completed in 22ms
133 silly doParallel refresh-package-json 5
134 silly refresh-package-json /home/raiden/Nandu/scratch-blocks/node_modules/file-uri-to-path
135 silly refresh-package-json /home/raiden/Nandu/scratch-blocks/node_modules/bindings
136 silly refresh-package-json /home/raiden/Nandu/scratch-blocks/node_modules/fsevents
137 silly refresh-package-json /home/raiden/Nandu/scratch-blocks/node_modules/nan
138 silly refresh-package-json /home/raiden/Nandu/scratch-blocks/node_modules/watchpack-chokidar2/node_modules/fsevents
139 timing action:refresh-package-json Completed in 21ms
140 silly doParallel preinstall 5
141 timing action:preinstall Completed in 0ms
142 silly doSerial build 46
143 timing action:build Completed in 1ms
144 silly doSerial global-link 46
145 silly doParallel update-linked 0
146 silly doSerial install 46
147 timing action:install Completed in 0ms
148 silly doSerial postinstall 46
149 timing action:postinstall Completed in 0ms
150 verbose unlock done using /home/raiden/.npm/_locks/staging-d9b5612599dff9a1.lock for /home/raiden/Nandu/scratch-blocks/node_modules/.staging
151 timing stage:executeActions Completed in 335ms
152 timing stage:rollbackFailedOptional Completed in 43ms
153 silly install runPostinstallTopLevelLifecycles
154 silly build scratch-blocks@0.1.0
155 info linkStuff scratch-blocks@0.1.0
156 silly linkStuff scratch-blocks@0.1.0 has /home/raiden/Nandu as its parent node_modules
157 silly install scratch-blocks@0.1.0
158 info lifecycle scratch-blocks@0.1.0~install: scratch-blocks@0.1.0
159 silly postinstall scratch-blocks@0.1.0
160 info lifecycle scratch-blocks@0.1.0~postinstall: scratch-blocks@0.1.0
161 silly prepublish scratch-blocks@0.1.0
162 warn prepublish-on-install As of npm@5, `prepublish` scripts are deprecated.
163 warn prepublish-on-install Use `prepare` for build steps and `prepublishOnly` for upload-only.
164 warn prepublish-on-install See the deprecation note in `npm help scripts` for more information.
165 info lifecycle scratch-blocks@0.1.0~prepublish: scratch-blocks@0.1.0
166 verbose lifecycle scratch-blocks@0.1.0~prepublish: unsafe-perm in lifecycle true
167 verbose lifecycle scratch-blocks@0.1.0~prepublish: PATH: /usr/share/npm/node_modules/npm-lifecycle/node-gyp-bin:/home/raiden/Nandu/scratch-blocks/node_modules/.bin:/usr/local/sbin:/usr/local/bin:/usr/sbin:/usr/bin:/sbin:/bin:/usr/games:/usr/local/games:/mnt/c/Program Files/Common Files/Oracle/Java/javapath:/mnt/c/Program Files (x86)/VMware/VMware Workstation/bin/:/mnt/c/Program Files (x86)/Common Files/Oracle/Java/javapath:/mnt/c/WINDOWS/system32:/mnt/c/WINDOWS:/mnt/c/WINDOWS/System32/Wbem:/mnt/c/WINDOWS/System32/WindowsPowerShell/v1.0/:/mnt/c/Program Files (x86)/ATI Technologies/ATI.ACE/Core-Static:/mnt/c/WINDOWS/System32/OpenSSH/:/mnt/c/Program Files/nodejs/:/mnt/c/Program Files/Microsoft SQL Server/130/Tools/Binn/:/mnt/c/Program Files/dotnet/:/mnt/c/Program Files/NVIDIA Corporation/NVIDIA NvDLISR:/mnt/c/WINDOWS/system32:/mnt/c/WINDOWS:/mnt/c/WINDOWS/System32/Wbem:/mnt/c/WINDOWS/System32/WindowsPowerShell/v1.0/:/mnt/c/WINDOWS/System32/OpenSSH/:/mnt/c/Program Files/Java/jdk-13.0.2/bin:/mnt/c/mingw64/bin:/mnt/c/Program Files/Git/cmd:/mnt/c/Program Files/Git LFS:/mnt/c/Program Files (x86)/GTK2-Runtime/bin:/mnt/c/Program Files/Java/jdk-13.0.2/bin:/mnt/c/Program Files (x86)/dotnet/:/mnt/c/Program Files (x86)/NVIDIA Corporation/PhysX/Common:/mnt/c/Python27:/mnt/c/Users/Owner/AppData/Local/Microsoft/WindowsApps:/mnt/c/Users/Owner/AppData/Local/Programs/Microsoft VS Code/bin:/mnt/c/Users/Owner/AppData/Roaming/npm:/mnt/c/Users/Owner/AppData/Local/GitHubDesktop/bin:/mnt/c/Users/Owner/AppData/Local/Microsoft/WindowsApps:/mnt/c/Program Files/JetBrains/IntelliJ IDEA Community Edition 2020.1.2/bin:/mnt/c/Program Files (x86)/Java/jre1.8.0_251/bin:/mnt/c/Users/Owner/.dotnet/tools:/mnt/c/Users/Owner/AppData/Local/Programs/Python/Python38-32:/mnt/c/Users/Owner/Downloads/gradle-6.8.3-bin/bin:/snap/bin
168 verbose lifecycle scratch-blocks@0.1.0~prepublish: CWD: /home/raiden/Nandu/scratch-blocks
169 silly lifecycle scratch-blocks@0.1.0~prepublish: Args: [ '-c', 'python build.py && webpack' ]
170 timing audit submit Completed in 548ms
171 http fetch POST 200 https://registry.npmjs.org/-/npm/v1/security/audits/quick 548ms
172 timing audit body Completed in 2ms
173 silly lifecycle scratch-blocks@0.1.0~prepublish: Returned: code: 2  signal: null
174 info lifecycle scratch-blocks@0.1.0~prepublish: Failed to exec prepublish script
175 verbose stack Error: scratch-blocks@0.1.0 prepublish: `python build.py && webpack`
175 verbose stack Exit status 2
175 verbose stack     at EventEmitter.<anonymous> (/usr/share/npm/node_modules/npm-lifecycle/index.js:332:16)
175 verbose stack     at EventEmitter.emit (events.js:198:13)
175 verbose stack     at ChildProcess.<anonymous> (/usr/share/npm/node_modules/npm-lifecycle/lib/spawn.js:55:14)
175 verbose stack     at ChildProcess.emit (events.js:198:13)
175 verbose stack     at maybeClose (internal/child_process.js:982:16)
175 verbose stack     at Process.ChildProcess._handle.onexit (internal/child_process.js:259:5)
176 verbose pkgid scratch-blocks@0.1.0
177 verbose cwd /home/raiden/Nandu/scratch-blocks
178 verbose Linux 4.4.0-19041-Microsoft
179 verbose argv "/usr/bin/node" "/usr/bin/npm" "install"
180 verbose node v10.19.0
181 verbose npm  v6.14.4
182 error code ELIFECYCLE
183 error errno 2
184 error scratch-blocks@0.1.0 prepublish: `python build.py && webpack`
184 error Exit status 2
185 error Failed at the scratch-blocks@0.1.0 prepublish script.
185 error This is probably not a problem with npm. There is likely additional logging output above.
186 verbose exit [ 2, true ]
